20150305T054048,==== Initializing Parameters ====
20150305T054048,Reading in config file ....
20150305T054048,['elevation', '1198']
20150305T054048,['lastGuiderRot', 'None']
20150305T054048,['lon', '-120.7278']
20150305T054048,['lastRA', 'None']
20150305T054048,['lat', '46.9528']
20150305T054048,['lastFocusPos', '1500']
20150305T054048,['lastDEC', 'None']
20150305T054048,Configuration parameters read
20150305T054750,==== Initializing Parameters ====
20150305T054750,Reading in config file ....
20150305T054750,['lastRA', 'None']
20150305T054750,['maxdRA', '2']
20150305T054750,['elevation', '1198']
20150305T054750,['maxdDEC', '2']
20150305T054750,['trackingRate', '14.451']
20150305T054750,['lat', '46.9528']
20150305T054750,['lastGuiderRot', 'None']
20150305T054750,['lon', '-120.7278']
20150305T054750,['lastFocusPos', '1500']
20150305T054750,['lastDEC', 'None']
20150305T054750,Configuration parameters read
20150305T054815,==== Initializing Parameters ====
20150305T054815,Reading in config file ....
20150305T054815,['lastRA', 'None']
20150305T054815,['maxdRA', '2']
20150305T054815,['elevation', '1198']
20150305T054815,['maxdDEC', '2']
20150305T054815,['trackingRate', '14.451']
20150305T054815,['lat', '46.9528']
20150305T054815,['lastGuiderRot', 'None']
20150305T054815,['lon', '-120.7278']
20150305T054815,['lastFocusPos', '1500']
20150305T054815,['lastDEC', 'None']
20150305T054815,Configuration parameters read
20150305T054829,==== Initializing Parameters ====
20150305T054829,Reading in config file ....
20150305T054829,['lastRA', 'None']
20150305T054829,['maxdRA', '2']
20150305T054829,['elevation', '1198']
20150305T054829,['maxdDEC', '2']
20150305T054829,['trackingRate', '14.451']
20150305T054829,['lat', '46.9528']
20150305T054829,['lastGuiderRot', 'None']
20150305T054829,['lon', '-120.7278']
20150305T054829,['lastFocusPos', '1500']
20150305T054829,['lastDEC', 'None']
20150305T054829,Configuration parameters read
20150305T054850,==== Initializing Parameters ====
20150305T054850,Reading in config file ....
20150305T054850,['lastRA', 'None']
20150305T054850,['maxdRA', '2']
20150305T054850,['elevation', '1198']
20150305T054850,['maxdDEC', '2']
20150305T054850,['trackingRate', '14.451']
20150305T054850,['lat', '46.9528']
20150305T054850,['lastGuiderRot', 'None']
20150305T054850,['lon', '-120.7278']
20150305T054850,['lastFocusPos', '1500']
20150305T054850,['lastDEC', 'None']
20150305T054850,Configuration parameters read
20150305T054903,==== Initializing Parameters ====
20150305T054903,Reading in config file ....
20150305T054903,['lastRA', 'None']
20150305T054903,['maxdRA', '2']
20150305T054903,['elevation', '1198']
20150305T054903,['maxdDEC', '2']
20150305T054903,['trackingRate', '14.451']
20150305T054903,['lat', '46.9528']
20150305T054903,['lastGuiderRot', 'None']
20150305T054903,['lon', '-120.7278']
20150305T054903,['lastFocusPos', '1500']
20150305T054903,['lastDEC', 'None']
20150305T054903,Configuration parameters read
20150305T054917,==== Initializing Parameters ====
20150305T054917,Reading in config file ....
20150305T054917,['lastRA', 'None']
20150305T054917,['maxdRA', '2']
20150305T054917,['elevation', '1198']
20150305T054917,['maxdDEC', '2']
20150305T054917,['trackingRate', '14.451']
20150305T054917,['lat', '46.9528']
20150305T054917,['lastGuiderRot', 'None']
20150305T054917,['lon', '-120.7278']
20150305T054917,['lastFocusPos', '1500']
20150305T054917,['lastDEC', 'None']
20150305T054917,Configuration parameters read
20150305T055130,==== Initializing Parameters ====
20150305T055130,Reading in config file ....
20150305T055130,['lastRA', 'None']
20150305T055130,['maxdRA', '2']
20150305T055130,['elevation', '1198']
20150305T055130,['maxdDEC', '2']
20150305T055130,['trackingRate', '14.451']
20150305T055130,['lat', '46.9528']
20150305T055130,['lastGuiderRot', 'None']
20150305T055130,['lon', '-120.7278']
20150305T055130,['lastFocusPos', '1500']
20150305T055130,['lastDEC', 'None']
20150305T055130,Configuration parameters read
20150305T055148,==== Initializing Parameters ====
20150305T055148,Reading in config file ....
20150305T055148,['lastRA', 'None']
20150305T055148,['maxdRA', '2']
20150305T055148,['elevation', '1198']
20150305T055148,['maxdDEC', '2']
20150305T055148,['trackingRate', '14.451']
20150305T055148,['lat', '46.9528']
20150305T055148,['lastGuiderRot', 'None']
20150305T055148,['lon', '-120.7278']
20150305T055148,['lastFocusPos', '1500']
20150305T055148,['lastDEC', 'None']
20150305T055148,Configuration parameters read
20150305T055214,==== Initializing Parameters ====
20150305T055214,Reading in config file ....
20150305T055214,['lastRA', 'None']
20150305T055214,['maxdRA', '2']
20150305T055214,['elevation', '1198']
20150305T055214,['maxdDEC', '2']
20150305T055214,['trackingRate', '14.451']
20150305T055214,['lat', '46.9528']
20150305T055214,['lastGuiderRot', 'None']
20150305T055214,['lon', '-120.7278']
20150305T055214,['lastFocusPos', '1500']
20150305T055214,['lastDEC', 'None']
20150305T055214,Configuration parameters read
20150305T055620,==== Initializing Parameters ====
20150305T055620,Reading in config file ....
20150305T055620,['lastRA', 'None']
20150305T055620,['maxdRA', '2']
20150305T055620,['elevation', '1198']
20150305T055620,['maxdDEC', '2']
20150305T055620,['trackingRate', '14.451']
20150305T055620,['lat', '46.9528']
20150305T055620,['lastGuiderRot', 'None']
20150305T055620,['lon', '-120.7278']
20150305T055620,['lastFocusPos', '1500']
20150305T055620,['lastDEC', 'None']
20150305T055620,Configuration parameters read
20150305T055651,==== Initializing Parameters ====
20150305T055651,Reading in config file ....
20150305T055651,['lastRA', 'None']
20150305T055651,['maxdRA', '2']
20150305T055651,['elevation', '1198']
20150305T055651,['maxdDEC', '2']
20150305T055651,['trackingRate', '14.451']
20150305T055651,['lat', '46.9528']
20150305T055651,['lastGuiderRot', 'None']
20150305T055651,['lon', '-120.7278']
20150305T055651,['lastFocusPos', '1500']
20150305T055651,['lastDEC', 'None']
20150305T055651,Configuration parameters read
20150305T055723,==== Initializing Parameters ====
20150305T055723,Reading in config file ....
20150305T055723,['lastRA', 'None']
20150305T055723,['maxdRA', '2']
20150305T055723,['elevation', '1198']
20150305T055723,['maxdDEC', '2']
20150305T055723,['trackingRate', '14.451']
20150305T055723,['lat', '46.9528']
20150305T055723,['lastGuiderRot', 'None']
20150305T055723,['lon', '-120.7278']
20150305T055723,['lastFocusPos', '1500']
20150305T055723,['lastDEC', 'None']
20150305T055723,Configuration parameters read
20150305T055906,==== Initializing Parameters ====
20150305T055906,Reading in config file ....
20150305T055906,['lastRA', 'None']
20150305T055906,['maxdRA', '2']
20150305T055906,['elevation', '1198']
20150305T055906,['maxdDEC', '2']
20150305T055906,['trackingRate', '14.451']
20150305T055906,['lat', '46.9528']
20150305T055906,['lastGuiderRot', 'None']
20150305T055906,['lon', '-120.7278']
20150305T055906,['lastFocusPos', '1500']
20150305T055906,['lastDEC', 'None']
20150305T055906,Configuration parameters read
20150305T061347,==== Initializing Parameters ====
20150305T061347,Reading in config file ....
20150305T061347,['lastRA', 'None']
20150305T061347,['maxdRA', '2']
20150305T061347,['elevation', '1198']
20150305T061347,['maxdDEC', '2']
20150305T061347,['trackingRate', '14.451']
20150305T061347,['lat', '46.9528']
20150305T061347,['lastGuiderRot', 'None']
20150305T061347,['lon', '-120.7278']
20150305T061347,['lastFocusPos', '1500']
20150305T061347,['lastDEC', 'None']
20150305T061347,Configuration parameters read
20150305T061455,==== Initializing Parameters ====
20150305T061455,Reading in config file ....
20150305T061455,['lastRA', 'None']
20150305T061455,['maxdRA', '2']
20150305T061455,['elevation', '1198']
20150305T061455,['maxdDEC', '2']
20150305T061455,['trackingRate', '14.451']
20150305T061455,['lat', '46.9528']
20150305T061455,['lastGuiderRot', 'None']
20150305T061455,['lon', '-120.7278']
20150305T061455,['lastFocusPos', '1500']
20150305T061455,['lastDEC', 'None']
20150305T061455,Configuration parameters read
20150305T061824,==== Initializing Parameters ====
20150305T061824,Reading in config file ....
20150305T061824,['lastRA', 'None']
20150305T061824,['maxdRA', '2']
20150305T061824,['elevation', '1198']
20150305T061824,['maxdDEC', '2']
20150305T061824,['trackingRate', '14.451']
20150305T061824,['lat', '46.9528']
20150305T061824,['lastGuiderRot', 'None']
20150305T061824,['lon', '-120.7278']
20150305T061824,['lastFocusPos', '1500']
20150305T061824,['lastDEC', 'None']
20150305T061824,Configuration parameters read
20150305T100141,==== Initializing Parameters ====
20150305T100141,Reading in config file ....
20150305T100141,['lastRA', 'None']
20150305T100141,['maxdRA', '2']
20150305T100141,['elevation', '1198']
20150305T100141,['maxdDEC', '2']
20150305T100141,['trackingRate', '14.451']
20150305T100141,['lat', '46.9528']
20150305T100141,['lastGuiderRot', 'None']
20150305T100141,['lon', '-120.7278']
20150305T100141,['lastFocusPos', '1500']
20150305T100141,['lastDEC', 'None']
20150305T100141,Configuration parameters read
20150305T132058,==== Initializing Parameters ====
20150305T132058,Reading in config file ....
20150305T132058,['lastRA', 'None']
20150305T132058,['maxdRA', '2']
20150305T132058,['elevation', '1198']
20150305T132058,['maxdDEC', '2']
20150305T132058,['trackingRate', '14.451']
20150305T132058,['lat', '46.9528']
20150305T132058,['lastGuiderRot', 'None']
20150305T132058,['lon', '-120.7278']
20150305T132058,['lastFocusPos', '1500']
20150305T132058,['lastDEC', 'None']
20150305T132058,Configuration parameters read
20150305T132351,==== Initializing Parameters ====
20150305T132351,Reading in config file ....
20150305T132351,['lastRA', 'None']
20150305T132351,['maxdRA', '2']
20150305T132351,['elevation', '1198']
20150305T132351,['maxdDEC', '2']
20150305T132351,['trackingRate', '14.451']
20150305T132351,['lat', '46.9528']
20150305T132351,['lastGuiderRot', 'None']
20150305T132351,['lon', '-120.7278']
20150305T132351,['lastFocusPos', '1500']
20150305T132351,['lastDEC', 'None']
20150305T132351,Configuration parameters read
20150305T132423,==== Initializing Parameters ====
20150305T132423,Reading in config file ....
20150305T132423,['lastRA', 'None']
20150305T132423,['maxdRA', '2']
20150305T132423,['elevation', '1198']
20150305T132423,['maxdDEC', '2']
20150305T132423,['trackingRate', '14.451']
20150305T132423,['lat', '46.9528']
20150305T132423,['lastGuiderRot', 'None']
20150305T132423,['lon', '-120.7278']
20150305T132423,['lastFocusPos', '1500']
20150305T132423,['lastDEC', 'None']
20150305T132423,Configuration parameters read
20150305T133419,==== Initializing Parameters ====
20150305T133419,Reading in config file ....
20150305T133419,['lastRA', 'None']
20150305T133419,['maxdRA', '2']
20150305T133419,['elevation', '1198']
20150305T133419,['maxdDEC', '2']
20150305T133419,['trackingRate', '14.451']
20150305T133419,['lat', '46.9528']
20150305T133419,['lastGuiderRot', 'None']
20150305T133419,['lon', '-120.7278']
20150305T133419,['lastFocusPos', '1500']
20150305T133419,['lastDEC', 'None']
20150305T133419,Configuration parameters read
20150305T133531,==== Initializing Parameters ====
20150305T133531,Reading in config file ....
20150305T133531,['lastRA', 'None']
20150305T133531,['maxdRA', '2']
20150305T133531,['elevation', '1198']
20150305T133531,['maxdDEC', '2']
20150305T133531,['trackingRate', '14.451']
20150305T133531,['lat', '46.9528']
20150305T133531,['lastGuiderRot', 'None']
20150305T133531,['lon', '-120.7278']
20150305T133531,['lastFocusPos', '1500']
20150305T133531,['lastDEC', 'None']
20150305T133531,Configuration parameters read
20150305T133541,==== Initializing Parameters ====
20150305T133541,Reading in config file ....
20150305T133541,['lastRA', 'None']
20150305T133541,['maxdRA', '2']
20150305T133541,['elevation', '1198']
20150305T133541,['maxdDEC', '2']
20150305T133541,['trackingRate', '14.451']
20150305T133541,['lat', '46.9528']
20150305T133541,['lastGuiderRot', 'None']
20150305T133541,['lon', '-120.7278']
20150305T133541,['lastFocusPos', '1500']
20150305T133541,['lastDEC', 'None']
20150305T133541,Configuration parameters read
20150305T133754,==== Initializing Parameters ====
20150305T133754,Reading in config file ....
20150305T133754,['lastRA', 'None']
20150305T133754,['maxdRA', '2']
20150305T133754,['elevation', '1198']
20150305T133754,['maxdDEC', '2']
20150305T133754,['trackingRate', '14.451']
20150305T133754,['lat', '46.9528']
20150305T133754,['lastGuiderRot', 'None']
20150305T133754,['lon', '-120.7278']
20150305T133754,['lastFocusPos', '1500']
20150305T133754,['lastDEC', 'None']
20150305T133754,Configuration parameters read
20150305T133838,==== Initializing Parameters ====
20150305T133838,Reading in config file ....
20150305T133838,['lastRA', 'None']
20150305T133838,['maxdRA', '2']
20150305T133838,['elevation', '1198']
20150305T133838,['maxdDEC', '2']
20150305T133838,['trackingRate', '14.451']
20150305T133838,['lat', '46.9528']
20150305T133838,['lastGuiderRot', 'None']
20150305T133838,['lon', '-120.7278']
20150305T133838,['lastFocusPos', '1500']
20150305T133838,['lastDEC', 'None']
20150305T133838,Configuration parameters read
20150305T134027,==== Initializing Parameters ====
20150305T134027,Reading in config file ....
20150305T134027,['lastRA', 'None']
20150305T134027,['maxdRA', '2']
20150305T134027,['elevation', '1198']
20150305T134027,['maxdDEC', '2']
20150305T134027,['trackingRate', '14.451']
20150305T134027,['lat', '46.9528']
20150305T134027,['lastGuiderRot', 'None']
20150305T134027,['lon', '-120.7278']
20150305T134027,['lastFocusPos', '1500']
20150305T134027,['lastDEC', 'None']
20150305T134027,Configuration parameters read
20150305T134043,==== Initializing Parameters ====
20150305T134043,Reading in config file ....
20150305T134043,['lastRA', 'None']
20150305T134043,['maxdRA', '2']
20150305T134043,['elevation', '1198']
20150305T134043,['maxdDEC', '2']
20150305T134043,['trackingRate', '14.451']
20150305T134043,['lat', '46.9528']
20150305T134043,['lastGuiderRot', 'None']
20150305T134043,['lon', '-120.7278']
20150305T134043,['lastFocusPos', '1500']
20150305T134043,['lastDEC', 'None']
20150305T134043,Configuration parameters read
20150305T134055,==== Initializing Parameters ====
20150305T134055,Reading in config file ....
20150305T134055,['lastRA', 'None']
20150305T134055,['maxdRA', '2']
20150305T134055,['elevation', '1198']
20150305T134055,['maxdDEC', '2']
20150305T134055,['trackingRate', '14.451']
20150305T134055,['lat', '46.9528']
20150305T134055,['lastGuiderRot', 'None']
20150305T134055,['lon', '-120.7278']
20150305T134055,['lastFocusPos', '1500']
20150305T134055,['lastDEC', 'None']
20150305T134055,Configuration parameters read
20150305T134328,==== Initializing Parameters ====
20150305T134328,Reading in config file ....
20150305T134328,['lastRA', 'None']
20150305T134328,['maxdRA', '2']
20150305T134328,['elevation', '1198']
20150305T134328,['maxdDEC', '2']
20150305T134328,['trackingRate', '14.451']
20150305T134328,['lat', '46.9528']
20150305T134328,['lastGuiderRot', 'None']
20150305T134328,['lon', '-120.7278']
20150305T134328,['lastFocusPos', '1500']
20150305T134328,['lastDEC', 'None']
20150305T134328,Configuration parameters read
20150305T135457,==== Initializing Parameters ====
20150305T135457,Reading in config file ....
20150305T135457,['lastRA', 'None']
20150305T135457,['maxdRA', '2']
20150305T135457,['elevation', '1198']
20150305T135457,['maxdDEC', '2']
20150305T135457,['trackingRate', '14.451']
20150305T135457,['lat', '46.9528']
20150305T135457,['lastGuiderRot', 'None']
20150305T135457,['lon', '-120.7278']
20150305T135457,['lastFocusPos', '1500']
20150305T135457,['lastDEC', 'None']
20150305T135457,Configuration parameters read
20150305T140000,==== Initializing Parameters ====
20150305T140000,Reading in config file ....
20150305T140000,['lastRA', 'None']
20150305T140000,['maxdRA', '2']
20150305T140000,['elevation', '1198']
20150305T140000,['maxdDEC', '2']
20150305T140000,['trackingRate', '14.451']
20150305T140000,['lat', '46.9528']
20150305T140000,['lastGuiderRot', 'None']
20150305T140000,['lon', '-120.7278']
20150305T140000,['lastFocusPos', '1500']
20150305T140000,['lastDEC', 'None']
20150305T140000,Configuration parameters read
20150305T140031,==== Initializing Parameters ====
20150305T140031,Reading in config file ....
20150305T140031,['lastRA', 'None']
20150305T140031,['maxdRA', '2']
20150305T140031,['elevation', '1198']
20150305T140031,['maxdDEC', '2']
20150305T140031,['trackingRate', '14.451']
20150305T140031,['lat', '46.9528']
20150305T140031,['lastGuiderRot', 'None']
20150305T140031,['lon', '-120.7278']
20150305T140031,['lastFocusPos', '1500']
20150305T140031,['lastDEC', 'None']
20150305T140031,Configuration parameters read
20150305T140557,==== Initializing Parameters ====
20150305T140557,Reading in config file ....
20150305T140557,['lastRA', 'None']
20150305T140557,['maxdRA', '2']
20150305T140557,['elevation', '1198']
20150305T140557,['maxdDEC', '2']
20150305T140557,['trackingRate', '14.451']
20150305T140557,['lat', '46.9528']
20150305T140557,['lastGuiderRot', 'None']
20150305T140557,['lon', '-120.7278']
20150305T140557,['lastFocusPos', '1500']
20150305T140557,['lastDEC', 'None']
20150305T140557,Configuration parameters read
20150305T140644,==== Initializing Parameters ====
20150305T140644,Reading in config file ....
20150305T140644,['lastRA', 'None']
20150305T140644,['maxdRA', '2']
20150305T140644,['elevation', '1198']
20150305T140644,['maxdDEC', '2']
20150305T140644,['trackingRate', '14.451']
20150305T140644,['lat', '46.9528']
20150305T140644,['lastGuiderRot', 'None']
20150305T140644,['lon', '-120.7278']
20150305T140644,['lastFocusPos', '1500']
20150305T140644,['lastDEC', 'None']
20150305T140644,Configuration parameters read
20150305T140853,==== Initializing Parameters ====
20150305T140853,Reading in config file ....
20150305T140853,['lastRA', 'None']
20150305T140853,['maxdRA', '2']
20150305T140853,['elevation', '1198']
20150305T140853,['maxdDEC', '2']
20150305T140853,['trackingRate', '14.451']
20150305T140853,['lat', '46.9528']
20150305T140853,['lastGuiderRot', 'None']
20150305T140853,['lon', '-120.7278']
20150305T140853,['lastFocusPos', '1500']
20150305T140853,['lastDEC', 'None']
20150305T140853,Configuration parameters read
20150305T140950,==== Initializing Parameters ====
20150305T140950,Reading in config file ....
20150305T140950,['lastRA', 'None']
20150305T140950,['maxdRA', '2']
20150305T140950,['elevation', '1198']
20150305T140950,['maxdDEC', '2']
20150305T140950,['trackingRate', '14.451']
20150305T140950,['lat', '46.9528']
20150305T140950,['lastGuiderRot', 'None']
20150305T140950,['lon', '-120.7278']
20150305T140950,['lastFocusPos', '1500']
20150305T140950,['lastDEC', 'None']
20150305T140950,Configuration parameters read
20150305T141030,==== Initializing Parameters ====
20150305T141030,Reading in config file ....
20150305T141030,['lastRA', 'None']
20150305T141030,['maxdRA', '2']
20150305T141030,['elevation', '1198']
20150305T141030,['maxdDEC', '2']
20150305T141030,['trackingRate', '14.451']
20150305T141030,['lat', '46.9528']
20150305T141030,['lastGuiderRot', 'None']
20150305T141030,['lon', '-120.7278']
20150305T141030,['lastFocusPos', '1500']
20150305T141030,['lastDEC', 'None']
20150305T141030,Configuration parameters read
20150305T141118,==== Initializing Parameters ====
20150305T141118,Reading in config file ....
20150305T141118,['lastRA', 'None']
20150305T141118,['maxdRA', '2']
20150305T141118,['elevation', '1198']
20150305T141118,['maxdDEC', '2']
20150305T141118,['trackingRate', '14.451']
20150305T141118,['lat', '46.9528']
20150305T141118,['lastGuiderRot', 'None']
20150305T141118,['lon', '-120.7278']
20150305T141118,['lastFocusPos', '1500']
20150305T141118,['lastDEC', 'None']
20150305T141118,Configuration parameters read
20150305T141210,==== Initializing Parameters ====
20150305T141210,Reading in config file ....
20150305T141210,['lastRA', 'None']
20150305T141210,['maxdRA', '2']
20150305T141210,['elevation', '1198']
20150305T141210,['maxdDEC', '2']
20150305T141210,['trackingRate', '14.451']
20150305T141210,['lat', '46.9528']
20150305T141210,['lastGuiderRot', 'None']
20150305T141210,['lon', '-120.7278']
20150305T141210,['lastFocusPos', '1500']
20150305T141210,['lastDEC', 'None']
20150305T141210,Configuration parameters read
20150305T141243,==== Initializing Parameters ====
20150305T141243,Reading in config file ....
20150305T141243,['lastRA', 'None']
20150305T141243,['maxdRA', '2']
20150305T141243,['elevation', '1198']
20150305T141243,['maxdDEC', '2']
20150305T141243,['trackingRate', '14.451']
20150305T141243,['lat', '46.9528']
20150305T141243,['lastGuiderRot', 'None']
20150305T141243,['lon', '-120.7278']
20150305T141243,['lastFocusPos', '1500']
20150305T141243,['lastDEC', 'None']
20150305T141243,Configuration parameters read
20150305T141256,==== Initializing Parameters ====
20150305T141256,Reading in config file ....
20150305T141256,['lastRA', 'None']
20150305T141256,['maxdRA', '2']
20150305T141256,['elevation', '1198']
20150305T141256,['maxdDEC', '2']
20150305T141256,['trackingRate', '14.451']
20150305T141256,['lat', '46.9528']
20150305T141256,['lastGuiderRot', 'None']
20150305T141256,['lon', '-120.7278']
20150305T141256,['lastFocusPos', '1500']
20150305T141256,['lastDEC', 'None']
20150305T141256,Configuration parameters read
20150305T141328,==== Initializing Parameters ====
20150305T141328,Reading in config file ....
20150305T141328,['lastRA', 'None']
20150305T141328,['maxdRA', '2']
20150305T141328,['elevation', '1198']
20150305T141328,['maxdDEC', '2']
20150305T141328,['trackingRate', '14.451']
20150305T141328,['lat', '46.9528']
20150305T141328,['lastGuiderRot', 'None']
20150305T141328,['lon', '-120.7278']
20150305T141328,['lastFocusPos', '1500']
20150305T141328,['lastDEC', 'None']
20150305T141328,Configuration parameters read
20150305T141510,==== Initializing Parameters ====
20150305T141510,Reading in config file ....
20150305T141510,['lastRA', 'None']
20150305T141510,['maxdRA', '2']
20150305T141510,['elevation', '1198']
20150305T141510,['maxdDEC', '2']
20150305T141510,['trackingRate', '14.451']
20150305T141510,['lat', '46.9528']
20150305T141510,['lastGuiderRot', 'None']
20150305T141510,['lon', '-120.7278']
20150305T141510,['lastFocusPos', '1500']
20150305T141510,['lastDEC', 'None']
20150305T141510,Configuration parameters read
20150305T141610,==== Initializing Parameters ====
20150305T141610,Reading in config file ....
20150305T141610,['lastRA', 'None']
20150305T141610,['maxdRA', '2']
20150305T141610,['elevation', '1198']
20150305T141610,['maxdDEC', '2']
20150305T141610,['trackingRate', '14.451']
20150305T141610,['lat', '46.9528']
20150305T141610,['lastGuiderRot', 'None']
20150305T141610,['lon', '-120.7278']
20150305T141610,['lastFocusPos', '1500']
20150305T141610,['lastDEC', 'None']
20150305T141610,Configuration parameters read
20150305T141649,==== Initializing Parameters ====
20150305T141649,Reading in config file ....
20150305T141649,['lastRA', 'None']
20150305T141649,['maxdRA', '2']
20150305T141649,['elevation', '1198']
20150305T141649,['maxdDEC', '2']
20150305T141649,['trackingRate', '14.451']
20150305T141649,['lat', '46.9528']
20150305T141649,['lastGuiderRot', 'None']
20150305T141649,['lon', '-120.7278']
20150305T141649,['lastFocusPos', '1500']
20150305T141649,['lastDEC', 'None']
20150305T141649,Configuration parameters read
20150305T141713,==== Initializing Parameters ====
20150305T141713,Reading in config file ....
20150305T141713,['lastRA', 'None']
20150305T141713,['maxdRA', '2']
20150305T141713,['elevation', '1198']
20150305T141713,['maxdDEC', '2']
20150305T141713,['trackingRate', '14.451']
20150305T141713,['lat', '46.9528']
20150305T141713,['lastGuiderRot', 'None']
20150305T141713,['lon', '-120.7278']
20150305T141713,['lastFocusPos', '1500']
20150305T141713,['lastDEC', 'None']
20150305T141713,Configuration parameters read
20150305T141729,==== Initializing Parameters ====
20150305T141729,Reading in config file ....
20150305T141729,['lastRA', 'None']
20150305T141729,['maxdRA', '2']
20150305T141729,['elevation', '1198']
20150305T141729,['maxdDEC', '2']
20150305T141729,['trackingRate', '14.451']
20150305T141729,['lat', '46.9528']
20150305T141729,['lastGuiderRot', 'None']
20150305T141729,['lon', '-120.7278']
20150305T141729,['lastFocusPos', '1500']
20150305T141729,['lastDEC', 'None']
20150305T141729,Configuration parameters read
20150305T141744,==== Initializing Parameters ====
20150305T141744,Reading in config file ....
20150305T141744,['lastRA', 'None']
20150305T141744,['maxdRA', '2']
20150305T141744,['elevation', '1198']
20150305T141744,['maxdDEC', '2']
20150305T141744,['trackingRate', '14.451']
20150305T141744,['lat', '46.9528']
20150305T141744,['lastGuiderRot', 'None']
20150305T141744,['lon', '-120.7278']
20150305T141744,['lastFocusPos', '1500']
20150305T141744,['lastDEC', 'None']
20150305T141744,Configuration parameters read
20150305T142101,==== Initializing Parameters ====
20150305T142101,Reading in config file ....
20150305T142101,['lastRA', 'None']
20150305T142101,['maxdRA', '2']
20150305T142101,['elevation', '1198']
20150305T142101,['maxdDEC', '2']
20150305T142101,['trackingRate', '14.451']
20150305T142101,['lat', '46.9528']
20150305T142101,['lastGuiderRot', 'None']
20150305T142101,['lon', '-120.7278']
20150305T142101,['lastFocusPos', '1500']
20150305T142101,['lastDEC', 'None']
20150305T142101,Configuration parameters read
20150305T142121,==== Initializing Parameters ====
20150305T142121,Reading in config file ....
20150305T142121,['lastRA', 'None']
20150305T142121,['maxdRA', '2']
20150305T142121,['elevation', '1198']
20150305T142121,['maxdDEC', '2']
20150305T142121,['trackingRate', '14.451']
20150305T142121,['lat', '46.9528']
20150305T142121,['lastGuiderRot', 'None']
20150305T142121,['lon', '-120.7278']
20150305T142121,['lastFocusPos', '1500']
20150305T142121,['lastDEC', 'None']
20150305T142121,Configuration parameters read
20150305T142140,==== Initializing Parameters ====
20150305T142140,Reading in config file ....
20150305T142140,['lastRA', 'None']
20150305T142140,['maxdRA', '2']
20150305T142140,['elevation', '1198']
20150305T142140,['maxdDEC', '2']
20150305T142140,['trackingRate', '14.451']
20150305T142140,['lat', '46.9528']
20150305T142140,['lastGuiderRot', 'None']
20150305T142140,['lon', '-120.7278']
20150305T142140,['lastFocusPos', '1500']
20150305T142140,['lastDEC', 'None']
20150305T142140,Configuration parameters read
20150305T142303,==== Initializing Parameters ====
20150305T142303,Reading in config file ....
20150305T142303,['lastRA', 'None']
20150305T142303,['maxdRA', '2']
20150305T142303,['elevation', '1198']
20150305T142303,['maxdDEC', '2']
20150305T142303,['trackingRate', '14.451']
20150305T142303,['lat', '46.9528']
20150305T142303,['lastGuiderRot', 'None']
20150305T142303,['lon', '-120.7278']
20150305T142303,['lastFocusPos', '1500']
20150305T142303,['lastDEC', 'None']
20150305T142303,Configuration parameters read
20150305T142319,==== Initializing Parameters ====
20150305T142319,Reading in config file ....
20150305T142319,['lastRA', 'None']
20150305T142319,['maxdRA', '2']
20150305T142319,['elevation', '1198']
20150305T142319,['maxdDEC', '2']
20150305T142319,['trackingRate', '14.451']
20150305T142319,['lat', '46.9528']
20150305T142319,['lastGuiderRot', 'None']
20150305T142319,['lon', '-120.7278']
20150305T142319,['lastFocusPos', '1500']
20150305T142319,['lastDEC', 'None']
20150305T142319,Configuration parameters read
20150305T142629,==== Initializing Parameters ====
20150305T142629,Reading in config file ....
20150305T142629,['lastRA', 'None']
20150305T142629,['maxdRA', '2']
20150305T142629,['elevation', '1198']
20150305T142629,['maxdDEC', '2']
20150305T142629,['trackingRate', '14.451']
20150305T142629,['lat', '46.9528']
20150305T142629,['lastGuiderRot', 'None']
20150305T142629,['lon', '-120.7278']
20150305T142629,['lastFocusPos', '1500']
20150305T142629,['lastDEC', 'None']
20150305T142629,Configuration parameters read
20150305T142712,==== Initializing Parameters ====
20150305T142712,Reading in config file ....
20150305T142712,['lastRA', 'None']
20150305T142712,['maxdRA', '2']
20150305T142712,['elevation', '1198']
20150305T142712,['maxdDEC', '2']
20150305T142712,['trackingRate', '14.451']
20150305T142712,['lat', '46.9528']
20150305T142712,['lastGuiderRot', 'None']
20150305T142712,['lon', '-120.7278']
20150305T142712,['lastFocusPos', '1500']
20150305T142712,['lastDEC', 'None']
20150305T142712,Configuration parameters read
20150305T142812,==== Initializing Parameters ====
20150305T142812,Reading in config file ....
20150305T142812,['lastRA', 'None']
20150305T142812,['maxdRA', '2']
20150305T142812,['elevation', '1198']
20150305T142812,['maxdDEC', '2']
20150305T142812,['trackingRate', '14.451']
20150305T142812,['lat', '46.9528']
20150305T142812,['lastGuiderRot', 'None']
20150305T142812,['lon', '-120.7278']
20150305T142812,['lastFocusPos', '1500']
20150305T142812,['lastDEC', 'None']
20150305T142812,Configuration parameters read
20150305T142924,==== Initializing Parameters ====
20150305T142924,Reading in config file ....
20150305T142924,['lastRA', 'None']
20150305T142924,['maxdRA', '2']
20150305T142924,['elevation', '1198']
20150305T142924,['maxdDEC', '2']
20150305T142924,['trackingRate', '14.451']
20150305T142924,['lat', '46.9528']
20150305T142924,['lastGuiderRot', 'None']
20150305T142924,['lon', '-120.7278']
20150305T142924,['lastFocusPos', '1500']
20150305T142924,['lastDEC', 'None']
20150305T142924,Configuration parameters read
20150305T143307,==== Initializing Parameters ====
20150305T143307,Reading in config file ....
20150305T143307,['lastRA', 'None']
20150305T143307,['maxdRA', '2']
20150305T143307,['elevation', '1198']
20150305T143307,['maxdDEC', '2']
20150305T143307,['trackingRate', '14.451']
20150305T143307,['lat', '46.9528']
20150305T143307,['lastGuiderRot', 'None']
20150305T143307,['lon', '-120.7278']
20150305T143307,['lastFocusPos', '1500']
20150305T143307,['lastDEC', 'None']
20150305T143307,Configuration parameters read
20150305T143325,==== Initializing Parameters ====
20150305T143325,Reading in config file ....
20150305T143325,['lastRA', 'None']
20150305T143325,['maxdRA', '2']
20150305T143325,['elevation', '1198']
20150305T143325,['maxdDEC', '2']
20150305T143325,['trackingRate', '14.451']
20150305T143325,['lat', '46.9528']
20150305T143325,['lastGuiderRot', 'None']
20150305T143325,['lon', '-120.7278']
20150305T143325,['lastFocusPos', '1500']
20150305T143325,['lastDEC', 'None']
20150305T143325,Configuration parameters read
20150305T143345,==== Initializing Parameters ====
20150305T143345,Reading in config file ....
20150305T143345,['lastRA', 'None']
20150305T143345,['maxdRA', '2']
20150305T143345,['elevation', '1198']
20150305T143345,['maxdDEC', '2']
20150305T143345,['trackingRate', '14.451']
20150305T143345,['lat', '46.9528']
20150305T143345,['lastGuiderRot', 'None']
20150305T143345,['lon', '-120.7278']
20150305T143345,['lastFocusPos', '1500']
20150305T143345,['lastDEC', 'None']
20150305T143345,Configuration parameters read
20150305T143418,==== Initializing Parameters ====
20150305T143418,Reading in config file ....
20150305T143418,['lastRA', 'None']
20150305T143418,['maxdRA', '2']
20150305T143418,['elevation', '1198']
20150305T143418,['maxdDEC', '2']
20150305T143418,['trackingRate', '14.451']
20150305T143418,['lat', '46.9528']
20150305T143418,['lastGuiderRot', 'None']
20150305T143418,['lon', '-120.7278']
20150305T143418,['lastFocusPos', '1500']
20150305T143418,['lastDEC', 'None']
20150305T143418,Configuration parameters read
20150305T144001,==== Initializing Parameters ====
20150305T144001,Reading in config file ....
20150305T144001,['lastRA', 'None']
20150305T144001,['maxdRA', '2']
20150305T144001,['elevation', '1198']
20150305T144001,['maxdDEC', '2']
20150305T144001,['trackingRate', '14.451']
20150305T144001,['lat', '46.9528']
20150305T144001,['lastGuiderRot', 'None']
20150305T144001,['lon', '-120.7278']
20150305T144001,['lastFocusPos', '1500']
20150305T144001,['lastDEC', 'None']
20150305T144001,Configuration parameters read
20150305T144010,==== Initializing Parameters ====
20150305T144010,Reading in config file ....
20150305T144010,['lastRA', 'None']
20150305T144010,['maxdRA', '2']
20150305T144010,['elevation', '1198']
20150305T144010,['maxdDEC', '2']
20150305T144010,['trackingRate', '14.451']
20150305T144010,['lat', '46.9528']
20150305T144010,['lastGuiderRot', 'None']
20150305T144010,['lon', '-120.7278']
20150305T144010,['lastFocusPos', '1500']
20150305T144010,['lastDEC', 'None']
20150305T144010,Configuration parameters read
20150305T144034,==== Initializing Parameters ====
20150305T144034,Reading in config file ....
20150305T144034,['lastRA', 'None']
20150305T144034,['maxdRA', '2']
20150305T144034,['elevation', '1198']
20150305T144034,['maxdDEC', '2']
20150305T144034,['trackingRate', '14.451']
20150305T144034,['lat', '46.9528']
20150305T144034,['lastGuiderRot', 'None']
20150305T144034,['lon', '-120.7278']
20150305T144034,['lastFocusPos', '1500']
20150305T144034,['lastDEC', 'None']
20150305T144034,Configuration parameters read
20150305T144108,==== Initializing Parameters ====
20150305T144108,Reading in config file ....
20150305T144108,['lastRA', 'None']
20150305T144108,['maxdRA', '2']
20150305T144108,['elevation', '1198']
20150305T144108,['maxdDEC', '2']
20150305T144108,['trackingRate', '14.451']
20150305T144108,['lat', '46.9528']
20150305T144108,['lastGuiderRot', 'None']
20150305T144108,['lon', '-120.7278']
20150305T144108,['lastFocusPos', '1500']
20150305T144108,['lastDEC', 'None']
20150305T144108,Configuration parameters read
20150305T144226,==== Initializing Parameters ====
20150305T144226,Reading in config file ....
20150305T144226,['lastRA', 'None']
20150305T144226,['maxdRA', '2']
20150305T144226,['elevation', '1198']
20150305T144226,['maxdDEC', '2']
20150305T144226,['trackingRate', '14.451']
20150305T144226,['lat', '46.9528']
20150305T144226,['lastGuiderRot', 'None']
20150305T144226,['lon', '-120.7278']
20150305T144226,['lastFocusPos', '1500']
20150305T144226,['lastDEC', 'None']
20150305T144226,Configuration parameters read
20150305T144347,==== Initializing Parameters ====
20150305T144347,Reading in config file ....
20150305T144347,['lastRA', 'None']
20150305T144347,['maxdRA', '2']
20150305T144347,['elevation', '1198']
20150305T144347,['maxdDEC', '2']
20150305T144347,['trackingRate', '14.451']
20150305T144347,['lat', '46.9528']
20150305T144347,['lastGuiderRot', 'None']
20150305T144347,['lon', '-120.7278']
20150305T144347,['lastFocusPos', '1500']
20150305T144347,['lastDEC', 'None']
20150305T144347,Configuration parameters read
20150305T144440,==== Initializing Parameters ====
20150305T144440,Reading in config file ....
20150305T144440,['lastRA', 'None']
20150305T144440,['maxdRA', '2']
20150305T144440,['elevation', '1198']
20150305T144440,['maxdDEC', '2']
20150305T144440,['trackingRate', '14.451']
20150305T144440,['lat', '46.9528']
20150305T144440,['lastGuiderRot', 'None']
20150305T144440,['lon', '-120.7278']
20150305T144440,['lastFocusPos', '1500']
20150305T144440,['lastDEC', 'None']
20150305T144440,Configuration parameters read
20150305T144449,==== Initializing Parameters ====
20150305T144449,Reading in config file ....
20150305T144449,['lastRA', 'None']
20150305T144449,['maxdRA', '2']
20150305T144449,['elevation', '1198']
20150305T144449,['maxdDEC', '2']
20150305T144449,['trackingRate', '14.451']
20150305T144449,['lat', '46.9528']
20150305T144449,['lastGuiderRot', 'None']
20150305T144449,['lon', '-120.7278']
20150305T144449,['lastFocusPos', '1500']
20150305T144449,['lastDEC', 'None']
20150305T144449,Configuration parameters read
20150305T144519,==== Initializing Parameters ====
20150305T144519,Reading in config file ....
20150305T144519,['lastRA', 'None']
20150305T144519,['maxdRA', '2']
20150305T144519,['elevation', '1198']
20150305T144519,['maxdDEC', '2']
20150305T144519,['trackingRate', '14.451']
20150305T144519,['lat', '46.9528']
20150305T144519,['lastGuiderRot', 'None']
20150305T144519,['lon', '-120.7278']
20150305T144519,['lastFocusPos', '1500']
20150305T144519,['lastDEC', 'None']
20150305T144519,Configuration parameters read
20150305T144550,==== Initializing Parameters ====
20150305T144550,Reading in config file ....
20150305T144550,['lastRA', 'None']
20150305T144550,['maxdRA', '2']
20150305T144550,['elevation', '1198']
20150305T144550,['maxdDEC', '2']
20150305T144550,['trackingRate', '14.451']
20150305T144550,['lat', '46.9528']
20150305T144550,['lastGuiderRot', 'None']
20150305T144550,['lon', '-120.7278']
20150305T144550,['lastFocusPos', '1500']
20150305T144550,['lastDEC', 'None']
20150305T144550,Configuration parameters read
20150305T144606,==== Initializing Parameters ====
20150305T144606,Reading in config file ....
20150305T144606,['lastRA', 'None']
20150305T144606,['maxdRA', '2']
20150305T144606,['elevation', '1198']
20150305T144606,['maxdDEC', '2']
20150305T144606,['trackingRate', '14.451']
20150305T144606,['lat', '46.9528']
20150305T144606,['lastGuiderRot', 'None']
20150305T144606,['lon', '-120.7278']
20150305T144606,['lastFocusPos', '1500']
20150305T144606,['lastDEC', 'None']
20150305T144606,Configuration parameters read
20150305T145248,==== Initializing Parameters ====
20150305T145248,Reading in config file ....
20150305T145248,['lastRA', 'None']
20150305T145248,['maxdRA', '2']
20150305T145248,['elevation', '1198']
20150305T145248,['maxdDEC', '2']
20150305T145248,['trackingRate', '14.451']
20150305T145248,['lat', '46.9528']
20150305T145248,['lastGuiderRot', 'None']
20150305T145248,['lon', '-120.7278']
20150305T145248,['lastFocusPos', '1500']
20150305T145248,['lastDEC', 'None']
20150305T145248,Configuration parameters read
20150305T145332,==== Initializing Parameters ====
20150305T145332,Reading in config file ....
20150305T145332,['lastRA', 'None']
20150305T145332,['maxdRA', '2']
20150305T145332,['elevation', '1198']
20150305T145332,['maxdDEC', '2']
20150305T145332,['trackingRate', '14.451']
20150305T145332,['lat', '46.9528']
20150305T145332,['lastGuiderRot', 'None']
20150305T145332,['lon', '-120.7278']
20150305T145332,['lastFocusPos', '1500']
20150305T145332,['lastDEC', 'None']
20150305T145332,Configuration parameters read
20150305T145348,==== Initializing Parameters ====
20150305T145348,Reading in config file ....
20150305T145348,['lastRA', 'None']
20150305T145348,['maxdRA', '2']
20150305T145348,['elevation', '1198']
20150305T145348,['maxdDEC', '2']
20150305T145348,['trackingRate', '14.451']
20150305T145348,['lat', '46.9528']
20150305T145348,['lastGuiderRot', 'None']
20150305T145348,['lon', '-120.7278']
20150305T145348,['lastFocusPos', '1500']
20150305T145348,['lastDEC', 'None']
20150305T145348,Configuration parameters read
20150305T145426,==== Initializing Parameters ====
20150305T145426,Reading in config file ....
20150305T145426,['lastRA', 'None']
20150305T145426,['maxdRA', '2']
20150305T145426,['elevation', '1198']
20150305T145426,['maxdDEC', '2']
20150305T145426,['trackingRate', '14.451']
20150305T145426,['lat', '46.9528']
20150305T145426,['lastGuiderRot', 'None']
20150305T145426,['lon', '-120.7278']
20150305T145426,['lastFocusPos', '1500']
20150305T145426,['lastDEC', 'None']
20150305T145426,Configuration parameters read
20150305T145441,==== Initializing Parameters ====
20150305T145441,Reading in config file ....
20150305T145441,['lastRA', 'None']
20150305T145441,['maxdRA', '2']
20150305T145441,['elevation', '1198']
20150305T145441,['maxdDEC', '2']
20150305T145441,['trackingRate', '14.451']
20150305T145441,['lat', '46.9528']
20150305T145441,['lastGuiderRot', 'None']
20150305T145441,['lon', '-120.7278']
20150305T145441,['lastFocusPos', '1500']
20150305T145441,['lastDEC', 'None']
20150305T145441,Configuration parameters read
20150305T145458,==== Initializing Parameters ====
20150305T145458,Reading in config file ....
20150305T145458,['lastRA', 'None']
20150305T145458,['maxdRA', '2']
20150305T145458,['elevation', '1198']
20150305T145458,['maxdDEC', '2']
20150305T145458,['trackingRate', '14.451']
20150305T145458,['lat', '46.9528']
20150305T145458,['lastGuiderRot', 'None']
20150305T145458,['lon', '-120.7278']
20150305T145458,['lastFocusPos', '1500']
20150305T145458,['lastDEC', 'None']
20150305T145458,Configuration parameters read
20150305T145517,==== Initializing Parameters ====
20150305T145517,Reading in config file ....
20150305T145517,['lastRA', 'None']
20150305T145517,['maxdRA', '2']
20150305T145517,['elevation', '1198']
20150305T145517,['maxdDEC', '2']
20150305T145517,['trackingRate', '14.451']
20150305T145517,['lat', '46.9528']
20150305T145517,['lastGuiderRot', 'None']
20150305T145517,['lon', '-120.7278']
20150305T145517,['lastFocusPos', '1500']
20150305T145517,['lastDEC', 'None']
20150305T145517,Configuration parameters read
20150305T145530,==== Initializing Parameters ====
20150305T145530,Reading in config file ....
20150305T145530,['lastRA', 'None']
20150305T145530,['maxdRA', '2']
20150305T145530,['elevation', '1198']
20150305T145530,['maxdDEC', '2']
20150305T145530,['trackingRate', '14.451']
20150305T145530,['lat', '46.9528']
20150305T145530,['lastGuiderRot', 'None']
20150305T145530,['lon', '-120.7278']
20150305T145530,['lastFocusPos', '1500']
20150305T145530,['lastDEC', 'None']
20150305T145530,Configuration parameters read
20150305T150223,==== Initializing Parameters ====
20150305T150223,Reading in config file ....
20150305T150223,['lastRA', 'None']
20150305T150223,['maxdRA', '2']
20150305T150223,['elevation', '1198']
20150305T150223,['maxdDEC', '2']
20150305T150223,['trackingRate', '14.451']
20150305T150223,['lat', '46.9528']
20150305T150223,['lastGuiderRot', 'None']
20150305T150223,['lon', '-120.7278']
20150305T150223,['lastFocusPos', '1500']
20150305T150223,['lastDEC', 'None']
20150305T150223,Configuration parameters read
20150305T150235,==== Initializing Parameters ====
20150305T150235,Reading in config file ....
20150305T150235,['lastRA', 'None']
20150305T150235,['maxdRA', '2']
20150305T150235,['elevation', '1198']
20150305T150235,['maxdDEC', '2']
20150305T150235,['trackingRate', '14.451']
20150305T150235,['lat', '46.9528']
20150305T150235,['lastGuiderRot', 'None']
20150305T150235,['lon', '-120.7278']
20150305T150235,['lastFocusPos', '1500']
20150305T150235,['lastDEC', 'None']
20150305T150235,Configuration parameters read
20150305T151044,==== Initializing Parameters ====
20150305T151044,Reading in config file ....
20150305T151044,['lastRA', 'None']
20150305T151044,['maxdRA', '2']
20150305T151044,['elevation', '1198']
20150305T151044,['maxdDEC', '2']
20150305T151044,['trackingRate', '14.451']
20150305T151044,['lat', '46.9528']
20150305T151044,['lastGuiderRot', 'None']
20150305T151044,['lon', '-120.7278']
20150305T151044,['lastFocusPos', '1500']
20150305T151044,['lastDEC', 'None']
20150305T151044,Configuration parameters read
20150305T151100,==== Initializing Parameters ====
20150305T151100,Reading in config file ....
20150305T151100,['lastRA', 'None']
20150305T151100,['maxdRA', '2']
20150305T151100,['elevation', '1198']
20150305T151100,['maxdDEC', '2']
20150305T151100,['trackingRate', '14.451']
20150305T151100,['lat', '46.9528']
20150305T151100,['lastGuiderRot', 'None']
20150305T151100,['lon', '-120.7278']
20150305T151100,['lastFocusPos', '1500']
20150305T151100,['lastDEC', 'None']
20150305T151100,Configuration parameters read
20150305T151111,==== Initializing Parameters ====
20150305T151111,Reading in config file ....
20150305T151111,['lastRA', 'None']
20150305T151111,['maxdRA', '2']
20150305T151111,['elevation', '1198']
20150305T151111,['maxdDEC', '2']
20150305T151111,['trackingRate', '14.451']
20150305T151111,['lat', '46.9528']
20150305T151111,['lastGuiderRot', 'None']
20150305T151111,['lon', '-120.7278']
20150305T151111,['lastFocusPos', '1500']
20150305T151111,['lastDEC', 'None']
20150305T151111,Configuration parameters read
20150305T151127,==== Initializing Parameters ====
20150305T151127,Reading in config file ....
20150305T151127,['lastRA', 'None']
20150305T151127,['maxdRA', '2']
20150305T151127,['elevation', '1198']
20150305T151127,['maxdDEC', '2']
20150305T151127,['trackingRate', '14.451']
20150305T151127,['lat', '46.9528']
20150305T151127,['lastGuiderRot', 'None']
20150305T151127,['lon', '-120.7278']
20150305T151127,['lastFocusPos', '1500']
20150305T151127,['lastDEC', 'None']
20150305T151127,Configuration parameters read
20150305T151315,==== Initializing Parameters ====
20150305T151315,Reading in config file ....
20150305T151315,['lastRA', 'None']
20150305T151315,['maxdRA', '2']
20150305T151315,['elevation', '1198']
20150305T151315,['maxdDEC', '2']
20150305T151315,['trackingRate', '14.451']
20150305T151315,['lat', '46.9528']
20150305T151315,['lastGuiderRot', 'None']
20150305T151315,['lon', '-120.7278']
20150305T151315,['lastFocusPos', '1500']
20150305T151315,['lastDEC', 'None']
20150305T151315,Configuration parameters read
20150305T151425,==== Initializing Parameters ====
20150305T151425,Reading in config file ....
20150305T151425,['lastRA', 'None']
20150305T151425,['maxdRA', '2']
20150305T151425,['elevation', '1198']
20150305T151425,['maxdDEC', '2']
20150305T151425,['trackingRate', '14.451']
20150305T151425,['lat', '46.9528']
20150305T151425,['lastGuiderRot', 'None']
20150305T151425,['lon', '-120.7278']
20150305T151425,['lastFocusPos', '1500']
20150305T151425,['lastDEC', 'None']
20150305T151425,Configuration parameters read
20150305T151443,==== Initializing Parameters ====
20150305T151443,Reading in config file ....
20150305T151443,['lastRA', 'None']
20150305T151443,['maxdRA', '2']
20150305T151443,['elevation', '1198']
20150305T151443,['maxdDEC', '2']
20150305T151443,['trackingRate', '14.451']
20150305T151443,['lat', '46.9528']
20150305T151443,['lastGuiderRot', 'None']
20150305T151443,['lon', '-120.7278']
20150305T151443,['lastFocusPos', '1500']
20150305T151443,['lastDEC', 'None']
20150305T151443,Configuration parameters read
20150305T151525,==== Initializing Parameters ====
20150305T151525,Reading in config file ....
20150305T151525,['lastRA', 'None']
20150305T151525,['maxdRA', '2']
20150305T151525,['elevation', '1198']
20150305T151525,['maxdDEC', '2']
20150305T151525,['trackingRate', '14.451']
20150305T151525,['lat', '46.9528']
20150305T151525,['lastGuiderRot', 'None']
20150305T151525,['lon', '-120.7278']
20150305T151525,['lastFocusPos', '1500']
20150305T151525,['lastDEC', 'None']
20150305T151525,Configuration parameters read
20150305T151600,==== Initializing Parameters ====
20150305T151600,Reading in config file ....
20150305T151600,['lastRA', 'None']
20150305T151600,['maxdRA', '2']
20150305T151600,['elevation', '1198']
20150305T151600,['maxdDEC', '2']
20150305T151600,['trackingRate', '14.451']
20150305T151600,['lat', '46.9528']
20150305T151600,['lastGuiderRot', 'None']
20150305T151600,['lon', '-120.7278']
20150305T151600,['lastFocusPos', '1500']
20150305T151600,['lastDEC', 'None']
20150305T151600,Configuration parameters read
20150305T151614,==== Initializing Parameters ====
20150305T151614,Reading in config file ....
20150305T151614,['lastRA', 'None']
20150305T151614,['maxdRA', '2']
20150305T151614,['elevation', '1198']
20150305T151614,['maxdDEC', '2']
20150305T151614,['trackingRate', '14.451']
20150305T151614,['lat', '46.9528']
20150305T151614,['lastGuiderRot', 'None']
20150305T151614,['lon', '-120.7278']
20150305T151614,['lastFocusPos', '1500']
20150305T151614,['lastDEC', 'None']
20150305T151614,Configuration parameters read
20150305T151901,==== Initializing Parameters ====
20150305T151901,Reading in config file ....
20150305T151901,['lastRA', 'None']
20150305T151901,['maxdRA', '2']
20150305T151901,['elevation', '1198']
20150305T151901,['maxdDEC', '2']
20150305T151901,['trackingRate', '14.451']
20150305T151901,['lat', '46.9528']
20150305T151901,['lastGuiderRot', 'None']
20150305T151901,['lon', '-120.7278']
20150305T151901,['lastFocusPos', '1500']
20150305T151901,['lastDEC', 'None']
20150305T151901,Configuration parameters read
20150305T151916,==== Initializing Parameters ====
20150305T151916,Reading in config file ....
20150305T151916,['lastRA', 'None']
20150305T151916,['maxdRA', '2']
20150305T151916,['elevation', '1198']
20150305T151916,['maxdDEC', '2']
20150305T151916,['trackingRate', '14.451']
20150305T151916,['lat', '46.9528']
20150305T151916,['lastGuiderRot', 'None']
20150305T151916,['lon', '-120.7278']
20150305T151916,['lastFocusPos', '1500']
20150305T151916,['lastDEC', 'None']
20150305T151916,Configuration parameters read
20150305T151941,==== Initializing Parameters ====
20150305T151941,Reading in config file ....
20150305T151941,['lastRA', 'None']
20150305T151941,['maxdRA', '2']
20150305T151941,['elevation', '1198']
20150305T151941,['maxdDEC', '2']
20150305T151941,['trackingRate', '14.451']
20150305T151941,['lat', '46.9528']
20150305T151941,['lastGuiderRot', 'None']
20150305T151941,['lon', '-120.7278']
20150305T151941,['lastFocusPos', '1500']
20150305T151941,['lastDEC', 'None']
20150305T151941,Configuration parameters read
20150305T152040,==== Initializing Parameters ====
20150305T152040,Reading in config file ....
20150305T152040,['lastRA', 'None']
20150305T152040,['maxdRA', '2']
20150305T152040,['elevation', '1198']
20150305T152040,['maxdDEC', '2']
20150305T152040,['trackingRate', '14.451']
20150305T152040,['lat', '46.9528']
20150305T152040,['lastGuiderRot', 'None']
20150305T152040,['lon', '-120.7278']
20150305T152040,['lastFocusPos', '1500']
20150305T152040,['lastDEC', 'None']
20150305T152040,Configuration parameters read
20150305T152054,==== Initializing Parameters ====
20150305T152054,Reading in config file ....
20150305T152054,['lastRA', 'None']
20150305T152054,['maxdRA', '2']
20150305T152054,['elevation', '1198']
20150305T152054,['maxdDEC', '2']
20150305T152054,['trackingRate', '14.451']
20150305T152054,['lat', '46.9528']
20150305T152054,['lastGuiderRot', 'None']
20150305T152054,['lon', '-120.7278']
20150305T152054,['lastFocusPos', '1500']
20150305T152054,['lastDEC', 'None']
20150305T152054,Configuration parameters read
20150305T152152,==== Initializing Parameters ====
20150305T152152,Reading in config file ....
20150305T152152,['lastRA', 'None']
20150305T152152,['maxdRA', '2']
20150305T152152,['elevation', '1198']
20150305T152152,['maxdDEC', '2']
20150305T152152,['trackingRate', '14.451']
20150305T152152,['lat', '46.9528']
20150305T152152,['lastGuiderRot', 'None']
20150305T152152,['lon', '-120.7278']
20150305T152152,['lastFocusPos', '1500']
20150305T152152,['lastDEC', 'None']
20150305T152152,Configuration parameters read
20150305T152221,==== Initializing Parameters ====
20150305T152221,Reading in config file ....
20150305T152221,['lastRA', 'None']
20150305T152221,['maxdRA', '2']
20150305T152221,['elevation', '1198']
20150305T152221,['maxdDEC', '2']
20150305T152221,['trackingRate', '14.451']
20150305T152221,['lat', '46.9528']
20150305T152221,['lastGuiderRot', 'None']
20150305T152221,['lon', '-120.7278']
20150305T152221,['lastFocusPos', '1500']
20150305T152221,['lastDEC', 'None']
20150305T152221,Configuration parameters read
20150305T152312,==== Initializing Parameters ====
20150305T152312,Reading in config file ....
20150305T152312,['lastRA', 'None']
20150305T152312,['maxdRA', '2']
20150305T152312,['elevation', '1198']
20150305T152312,['maxdDEC', '2']
20150305T152312,['trackingRate', '14.451']
20150305T152312,['lat', '46.9528']
20150305T152312,['lastGuiderRot', 'None']
20150305T152312,['lon', '-120.7278']
20150305T152312,['lastFocusPos', '1500']
20150305T152312,['lastDEC', 'None']
20150305T152312,Configuration parameters read
20150305T152330,==== Initializing Parameters ====
20150305T152330,Reading in config file ....
20150305T152330,['lastRA', 'None']
20150305T152330,['maxdRA', '2']
20150305T152330,['elevation', '1198']
20150305T152330,['maxdDEC', '2']
20150305T152330,['trackingRate', '14.451']
20150305T152330,['lat', '46.9528']
20150305T152330,['lastGuiderRot', 'None']
20150305T152330,['lon', '-120.7278']
20150305T152330,['lastFocusPos', '1500']
20150305T152330,['lastDEC', 'None']
20150305T152330,Configuration parameters read
20150305T152338,==== Initializing Parameters ====
20150305T152338,Reading in config file ....
20150305T152338,['lastRA', 'None']
20150305T152338,['maxdRA', '2']
20150305T152338,['elevation', '1198']
20150305T152338,['maxdDEC', '2']
20150305T152338,['trackingRate', '14.451']
20150305T152338,['lat', '46.9528']
20150305T152338,['lastGuiderRot', 'None']
20150305T152338,['lon', '-120.7278']
20150305T152338,['lastFocusPos', '1500']
20150305T152338,['lastDEC', 'None']
20150305T152338,Configuration parameters read
20150305T152354,==== Initializing Parameters ====
20150305T152354,Reading in config file ....
20150305T152354,['lastRA', 'None']
20150305T152354,['maxdRA', '2']
20150305T152354,['elevation', '1198']
20150305T152354,['maxdDEC', '2']
20150305T152354,['trackingRate', '14.451']
20150305T152354,['lat', '46.9528']
20150305T152354,['lastGuiderRot', 'None']
20150305T152354,['lon', '-120.7278']
20150305T152354,['lastFocusPos', '1500']
20150305T152354,['lastDEC', 'None']
20150305T152354,Configuration parameters read
20150305T152436,==== Initializing Parameters ====
20150305T152436,Reading in config file ....
20150305T152436,['lastRA', 'None']
20150305T152436,['maxdRA', '2']
20150305T152436,['elevation', '1198']
20150305T152436,['maxdDEC', '2']
20150305T152436,['trackingRate', '14.451']
20150305T152436,['lat', '46.9528']
20150305T152436,['lastGuiderRot', 'None']
20150305T152436,['lon', '-120.7278']
20150305T152436,['lastFocusPos', '1500']
20150305T152436,['lastDEC', 'None']
20150305T152436,Configuration parameters read
20150305T152704,==== Initializing Parameters ====
20150305T152704,Reading in config file ....
20150305T152704,['lastRA', 'None']
20150305T152704,['maxdRA', '2']
20150305T152704,['elevation', '1198']
20150305T152704,['maxdDEC', '2']
20150305T152704,['trackingRate', '14.451']
20150305T152704,['lat', '46.9528']
20150305T152704,['lastGuiderRot', 'None']
20150305T152704,['lon', '-120.7278']
20150305T152704,['lastFocusPos', '1500']
20150305T152704,['lastDEC', 'None']
20150305T152704,Configuration parameters read
20150305T152749,==== Initializing Parameters ====
20150305T152749,Reading in config file ....
20150305T152749,['lastRA', 'None']
20150305T152749,['maxdRA', '2']
20150305T152749,['elevation', '1198']
20150305T152749,['maxdDEC', '2']
20150305T152749,['trackingRate', '14.451']
20150305T152749,['lat', '46.9528']
20150305T152749,['lastGuiderRot', 'None']
20150305T152749,['lon', '-120.7278']
20150305T152749,['lastFocusPos', '1500']
20150305T152749,['lastDEC', 'None']
20150305T152749,Configuration parameters read
20150305T173444,==== Initializing Parameters ====
20150305T173444,Reading in config file ....
20150305T173444,['lastRA', 'None']
20150305T173444,['maxdRA', '2']
20150305T173444,['elevation', '1198']
20150305T173444,['maxdDEC', '2']
20150305T173444,['trackingRate', '14.451']
20150305T173444,['lat', '46.9528']
20150305T173444,['lastGuiderRot', 'None']
20150305T173444,['lon', '-120.7278']
20150305T173444,['lastFocusPos', '1500']
20150305T173444,['lastDEC', 'None']
20150305T173444,Configuration parameters read
20150305T173712,==== Initializing Parameters ====
20150305T173712,Reading in config file ....
20150305T173712,['lastRA', 'None']
20150305T173712,['maxdRA', '2']
20150305T173712,['elevation', '1198']
20150305T173712,['maxdDEC', '2']
20150305T173712,['trackingRate', '14.451']
20150305T173712,['lat', '46.9528']
20150305T173712,['lastGuiderRot', 'None']
20150305T173712,['lon', '-120.7278']
20150305T173712,['lastFocusPos', '1500']
20150305T173712,['lastDEC', 'None']
20150305T173712,Configuration parameters read
20150305T173753,==== Initializing Parameters ====
20150305T173753,Reading in config file ....
20150305T173753,['lastRA', 'None']
20150305T173753,['maxdRA', '2']
20150305T173753,['elevation', '1198']
20150305T173753,['maxdDEC', '2']
20150305T173753,['trackingRate', '14.451']
20150305T173753,['lat', '46.9528']
20150305T173753,['lastGuiderRot', 'None']
20150305T173753,['lon', '-120.7278']
20150305T173753,['lastFocusPos', '1500']
20150305T173753,['lastDEC', 'None']
20150305T173753,Configuration parameters read
20150305T173855,==== Initializing Parameters ====
20150305T173855,Reading in config file ....
20150305T173855,['lastRA', 'None']
20150305T173855,['maxdRA', '2']
20150305T173855,['elevation', '1198']
20150305T173855,['maxdDEC', '2']
20150305T173855,['trackingRate', '14.451']
20150305T173855,['lat', '46.9528']
20150305T173855,['lastGuiderRot', 'None']
20150305T173855,['lon', '-120.7278']
20150305T173855,['lastFocusPos', '1500']
20150305T173855,['lastDEC', 'None']
20150305T173855,Configuration parameters read
20150305T173901,==== Initializing Parameters ====
20150305T173901,Reading in config file ....
20150305T173901,['lastRA', 'None']
20150305T173901,['maxdRA', '2']
20150305T173901,['elevation', '1198']
20150305T173901,['maxdDEC', '2']
20150305T173901,['trackingRate', '14.451']
20150305T173901,['lat', '46.9528']
20150305T173901,['lastGuiderRot', 'None']
20150305T173901,['lon', '-120.7278']
20150305T173901,['lastFocusPos', '1500']
20150305T173901,['lastDEC', 'None']
20150305T173901,Configuration parameters read
20150305T174821,==== Initializing Parameters ====
20150305T174821,Reading in config file ....
20150305T174821,['lastRA', 'None']
20150305T174821,['maxdRA', '2']
20150305T174821,['elevation', '1198']
20150305T174821,['maxdDEC', '2']
20150305T174821,['trackingRate', '14.451']
20150305T174821,['lat', '46.9528']
20150305T174821,['lastGuiderRot', 'None']
20150305T174821,['lon', '-120.7278']
20150305T174821,['lastFocusPos', '1500']
20150305T174821,['lastDEC', 'None']
20150305T174821,Configuration parameters read
20150305T175118,==== Initializing Parameters ====
20150305T175118,Reading in config file ....
20150305T175118,['lastRA', 'None']
20150305T175118,['maxdRA', '2']
20150305T175118,['elevation', '1198']
20150305T175118,['maxdDEC', '2']
20150305T175118,['trackingRate', '14.451']
20150305T175118,['lat', '46.9528']
20150305T175118,['lastGuiderRot', 'None']
20150305T175118,['lon', '-120.7278']
20150305T175118,['lastFocusPos', '1500']
20150305T175118,['lastDEC', 'None']
20150305T175118,Configuration parameters read
20150305T175632,==== Initializing Parameters ====
20150305T175632,Reading in config file ....
20150305T175632,['lastRA', 'None']
20150305T175632,['maxdRA', '2']
20150305T175632,['elevation', '1198']
20150305T175632,['maxdDEC', '2']
20150305T175632,['trackingRate', '14.451']
20150305T175632,['lat', '46.9528']
20150305T175632,['lastGuiderRot', 'None']
20150305T175632,['lon', '-120.7278']
20150305T175632,['lastFocusPos', '1500']
20150305T175632,['lastDEC', 'None']
20150305T175632,Configuration parameters read
