20150512T123155,==== Initializing Parameters ====
20150512T123155,Reading in config file ....
20150512T123155,['elevation', '1198']
20150512T123155,['lastGuiderRot', 'None']
20150512T123155,['lastRA', 'None']
20150512T123155,['decWrap', '{-270,270}']
20150512T123155,['horizonLimit', '20']
20150512T123155,['lat', '46.9528']
20150512T123155,['lastFocusPos', '1500']
20150512T123155,['trackingRate', '14.451']
20150512T123155,['lon', '-120.7278']
20150512T123155,['maxdRA', '2']
20150512T123155,['maxdDEC', '2']
20150512T123155,['lastDEC', 'None']
20150512T123220,==== Initializing Parameters ====
20150512T123220,Reading in config file ....
20150512T123220,['elevation', '1198']
20150512T123220,['lastGuiderRot', 'None']
20150512T123220,['lastRA', 'None']
20150512T123220,['decWrap', '{-270,270}']
20150512T123220,['horizonLimit', '20']
20150512T123220,['lat', '46.9528']
20150512T123220,['lastFocusPos', '1500']
20150512T123220,['trackingRate', '14.451']
20150512T123220,['lon', '-120.7278']
20150512T123220,['maxdRA', '2']
20150512T123220,['maxdDEC', '2']
20150512T123220,['lastDEC', 'None']
20150512T123234,==== Initializing Parameters ====
20150512T123234,Reading in config file ....
20150512T123234,['elevation', '1198']
20150512T123234,['lastGuiderRot', 'None']
20150512T123234,['lastRA', 'None']
20150512T123234,['decWrap', '{-270,270}']
20150512T123234,['horizonLimit', '20']
20150512T123234,['lat', '46.9528']
20150512T123234,['lastFocusPos', '1500']
20150512T123234,['trackingRate', '14.451']
20150512T123234,['lon', '-120.7278']
20150512T123234,['maxdRA', '2']
20150512T123234,['maxdDEC', '2']
20150512T123234,['lastDEC', 'None']
20150512T130015,==== Initializing Parameters ====
20150512T130015,Reading in config file ....
20150512T130015,['elevation', '1198']
20150512T130015,['lastGuiderRot', 'None']
20150512T130015,['lastRA', 'None']
20150512T130015,['decWrap', '{-270,270}']
20150512T130015,['horizonLimit', '20']
20150512T130015,['lat', '46.9528']
20150512T130015,['lastFocusPos', '1500']
20150512T130015,['trackingRate', '14.451']
20150512T130015,['lon', '-120.7278']
20150512T130015,['maxdRA', '2']
20150512T130015,['maxdDEC', '2']
20150512T130015,['lastDEC', 'None']
20150512T130033,==== Initializing Parameters ====
20150512T130033,Reading in config file ....
20150512T130033,['elevation', '1198']
20150512T130033,['lastGuiderRot', 'None']
20150512T130033,['lastRA', 'None']
20150512T130033,['decWrap', '{-270,270}']
20150512T130033,['horizonLimit', '20']
20150512T130033,['lat', '46.9528']
20150512T130033,['lastFocusPos', '1500']
20150512T130033,['trackingRate', '14.451']
20150512T130033,['lon', '-120.7278']
20150512T130033,['maxdRA', '2']
20150512T130033,['maxdDEC', '2']
20150512T130033,['lastDEC', 'None']
20150512T130843,==== Initializing Parameters ====
20150512T130843,Reading in config file ....
20150512T130843,['elevation', '1198']
20150512T130843,['lastGuiderRot', 'None']
20150512T130843,['lastRA', 'None']
20150512T130843,['decWrap', '{-270,270}']
20150512T130843,['horizonLimit', '20']
20150512T130843,['lat', '46.9528']
20150512T130843,['lastFocusPos', '1500']
20150512T130843,['trackingRate', '14.451']
20150512T130843,['lon', '-120.7278']
20150512T130843,['maxdRA', '2']
20150512T130843,['maxdDEC', '2']
20150512T130843,['lastDEC', 'None']
20150512T130925,==== Initializing Parameters ====
20150512T130925,Reading in config file ....
20150512T130925,['elevation', '1198']
20150512T130925,['lastGuiderRot', 'None']
20150512T130925,['lastRA', 'None']
20150512T130925,['decWrap', '{-270,270}']
20150512T130925,['horizonLimit', '20']
20150512T130925,['lat', '46.9528']
20150512T130925,['lastFocusPos', '1500']
20150512T130925,['trackingRate', '14.451']
20150512T130925,['lon', '-120.7278']
20150512T130925,['maxdRA', '2']
20150512T130925,['maxdDEC', '2']
20150512T130925,['lastDEC', 'None']
20150512T130925,Configuration parameters read
