20150303T124410,lat	120.7278
20150303T124421,lat	120.7278
20150303T124432,lat	120.7278
20150303T124448,lat	120.7278
20150303T124448,long	46.9528
20150303T124456,lat	120.7278
20150303T124456,long	46.9528
20150303T125135,==== Initializing Parameters ====
20150303T125135,Reading in config file ....
20150303T125135,lat	120.7278
20150303T125135,long	46.9528
20150303T125135,Configuration parameters read
20150303T12511425412312,==== Initializing Parameters ====
20150303T12511425412312,Reading in config file ....
20150303T12511425412312,lat	120.7278
20150303T12511425412312,long	46.9528
20150303T12511425412312,Configuration parameters read
20150303  12:52:42,==== Initializing Parameters ====
20150303  12:52:42,Reading in config file ....
20150303  12:52:42,lat	120.7278
20150303  12:52:42,long	46.9528
20150303  12:52:42,Configuration parameters read
20150303  12:53:46,==== Initializing Parameters ====
20150303  12:53:46,Reading in config file ....
20150303  12:53:46,lat	120.7278
20150303  12:53:46,long	46.9528
20150303  12:53:46,Configuration parameters read
20150303  12:54:22,==== Initializing Parameters ====
20150303  12:54:22,Reading in config file ....
20150303  12:54:22,lat	120.7278
20150303  12:54:22,long	46.9528
20150303  12:54:22,Configuration parameters read
20150303  12:54:46,==== Initializing Parameters ====
20150303  12:54:46,Reading in config file ....
20150303  12:54:46,lat	120.7278
20150303  12:54:46,long	46.9528
20150303  12:54:46,Configuration parameters read
20150303  12:54:48,[u'', u'', u'2000']
20150303  12:54:52,[u'1', u'2', u'2000']
20150303  13:11:54,==== Initializing Parameters ====
20150303  13:11:54,Reading in config file ....
20150303  13:11:54,lat	120.7278
20150303  13:11:54,long	46.9528
20150303  13:11:54,Configuration parameters read
20150303  13:16:59,==== Initializing Parameters ====
20150303  13:16:59,Reading in config file ....
20150303  13:16:59,lat	120.7278
20150303  13:16:59,long	46.9528
20150303  13:16:59,Configuration parameters read
20150303  13:17:19,==== Initializing Parameters ====
20150303  13:17:19,Reading in config file ....
20150303  13:17:19,lat	120.7278
20150303  13:17:19,long	46.9528
20150303  13:17:19,Configuration parameters read
20150303  13:20:05,==== Initializing Parameters ====
20150303  13:20:05,Reading in config file ....
20150303  13:20:05,lat	120.7278
20150303  13:20:05,long	46.9528
20150303  13:20:05,Configuration parameters read
20150303  13:20:40,==== Initializing Parameters ====
20150303  13:20:40,Reading in config file ....
20150303  13:20:40,lat	120.7278
20150303  13:20:40,long	46.9528
20150303  13:20:40,Configuration parameters read
20150303  13:21:03,==== Initializing Parameters ====
20150303  13:21:03,Reading in config file ....
20150303  13:21:03,lat	120.7278
20150303  13:21:03,long	46.9528
20150303  13:21:03,Configuration parameters read
20150303  13:21:14,==== Initializing Parameters ====
20150303  13:21:14,Reading in config file ....
20150303  13:21:14,lat	120.7278
20150303  13:21:14,long	46.9528
20150303  13:21:14,Configuration parameters read
20150303  13:32:52,==== Initializing Parameters ====
20150303  13:32:52,Reading in config file ....
20150303  13:32:52,lat	120.7278
20150303  13:32:52,long	46.9528
20150303  13:32:52,Configuration parameters read
20150303  13:33:37,[u'3:00:0', u'25:12:03.5', u'2000']
20150303  13:51:03,==== Initializing Parameters ====
20150303  13:51:03,Reading in config file ....
20150303  13:51:03,lat	120.7278
20150303  13:51:03,long	46.9528
20150303  13:51:03,Configuration parameters read
20150303  13:51:55,==== Initializing Parameters ====
20150303  13:51:55,Reading in config file ....
20150303  13:51:55,lat	120.7278
20150303  13:51:55,long	46.9528
20150303  13:51:55,Configuration parameters read
20150303  14:16:05,==== Initializing Parameters ====
20150303  14:16:05,Reading in config file ....
20150303  14:16:05,lat	120.7278
20150303  14:16:05,long	46.9528
20150303  14:16:05,Configuration parameters read
20150303  14:17:27,==== Initializing Parameters ====
20150303  14:17:27,Reading in config file ....
20150303  14:17:27,lat	120.7278
20150303  14:17:27,long	46.9528
20150303  14:17:27,Configuration parameters read
20150303  14:18:37,==== Initializing Parameters ====
20150303  14:18:37,Reading in config file ....
20150303  14:18:37,lat	120.7278
20150303  14:18:37,long	46.9528
20150303  14:18:37,Configuration parameters read
20150303  14:19:48,==== Initializing Parameters ====
20150303  14:19:48,Reading in config file ....
20150303  14:19:48,lat	120.7278
20150303  14:19:48,long	46.9528
20150303  14:19:48,Configuration parameters read
20150303  14:22:59,==== Initializing Parameters ====
20150303  14:22:59,Reading in config file ....
20150303  14:22:59,lat	120.7278
20150303  14:22:59,long	46.9528
20150303  14:22:59,Configuration parameters read
20150303  14:23:24,==== Initializing Parameters ====
20150303  14:23:24,Reading in config file ....
20150303  14:23:24,lat	120.7278
20150303  14:23:24,long	46.9528
20150303  14:23:24,Configuration parameters read
20150303  14:24:03,==== Initializing Parameters ====
20150303  14:24:03,Reading in config file ....
20150303  14:24:03,lat	120.7278
20150303  14:24:03,long	46.9528
20150303  14:24:03,Configuration parameters read
20150303  14:24:38,==== Initializing Parameters ====
20150303  14:24:38,Reading in config file ....
20150303  14:24:38,lat	120.7278
20150303  14:24:38,long	46.9528
20150303  14:24:38,Configuration parameters read
20150303  14:25:23,==== Initializing Parameters ====
20150303  14:25:23,Reading in config file ....
20150303  14:25:23,lat	120.7278
20150303  14:25:23,long	46.9528
20150303  14:25:23,Configuration parameters read
20150303  14:26:02,==== Initializing Parameters ====
20150303  14:26:02,Reading in config file ....
20150303  14:26:02,lat	120.7278
20150303  14:26:02,long	46.9528
20150303  14:26:02,Configuration parameters read
20150303  14:27:41,==== Initializing Parameters ====
20150303  14:27:41,Reading in config file ....
20150303  14:27:41,lat	120.7278
20150303  14:27:41,long	46.9528
20150303  14:27:41,Configuration parameters read
20150303  14:29:43,==== Initializing Parameters ====
20150303  14:29:43,Reading in config file ....
20150303  14:29:43,lat	120.7278
20150303  14:29:43,long	46.9528
20150303  14:29:43,Configuration parameters read
20150303  14:43:22,==== Initializing Parameters ====
20150303  14:43:22,Reading in config file ....
20150303  14:43:22,lat	120.7278
20150303  14:43:22,long	46.9528
20150303  14:43:22,Configuration parameters read
20150303  14:44:33,==== Initializing Parameters ====
20150303  14:44:33,Reading in config file ....
20150303  14:44:33,lat	120.7278
20150303  14:44:33,long	46.9528
20150303  14:44:33,Configuration parameters read
20150303  14:47:00,==== Initializing Parameters ====
20150303  14:47:00,Reading in config file ....
20150303  14:47:00,lat	120.7278
20150303  14:47:00,long	46.9528
20150303  14:47:00,Configuration parameters read
20150303  14:50:40,==== Initializing Parameters ====
20150303  14:50:40,Reading in config file ....
20150303  14:50:40,lat	120.7278
20150303  14:50:40,long	46.9528
20150303  14:50:40,Configuration parameters read
20150303  14:52:48,==== Initializing Parameters ====
20150303  14:52:48,Reading in config file ....
20150303  14:52:48,lat	120.7278
20150303  14:52:48,long	46.9528
20150303  14:52:48,Configuration parameters read
20150303  14:53:16,==== Initializing Parameters ====
20150303  14:53:16,Reading in config file ....
20150303  14:53:16,lat	120.7278
20150303  14:53:16,long	46.9528
20150303  14:53:16,Configuration parameters read
20150303  14:53:37,==== Initializing Parameters ====
20150303  14:53:37,Reading in config file ....
20150303  14:53:37,lat	120.7278
20150303  14:53:37,long	46.9528
20150303  14:53:37,Configuration parameters read
20150303  14:58:49,==== Initializing Parameters ====
20150303  14:58:49,Reading in config file ....
20150303  14:58:49,lat	120.7278
20150303  14:58:49,long	46.9528
20150303  14:58:49,Configuration parameters read
20150303  15:00:32,==== Initializing Parameters ====
20150303  15:00:32,Reading in config file ....
20150303  15:00:32,lat	120.7278
20150303  15:00:32,long	46.9528
20150303  15:00:32,Configuration parameters read
20150303  15:00:57,==== Initializing Parameters ====
20150303  15:00:57,Reading in config file ....
20150303  15:00:57,lat	120.7278
20150303  15:00:57,long	46.9528
20150303  15:00:57,Configuration parameters read
20150303  15:02:42,==== Initializing Parameters ====
20150303  15:02:42,Reading in config file ....
20150303  15:02:42,lat	120.7278
20150303  15:02:42,long	46.9528
20150303  15:02:42,Configuration parameters read
20150303  15:10:29,==== Initializing Parameters ====
20150303  15:10:29,Reading in config file ....
20150303  15:10:29,lat	120.7278
20150303  15:10:29,long	46.9528
20150303  15:10:29,Configuration parameters read
20150303  15:10:52,==== Initializing Parameters ====
20150303  15:10:52,Reading in config file ....
20150303  15:10:52,lat	120.7278
20150303  15:10:52,long	46.9528
20150303  15:10:52,Configuration parameters read
20150303  15:11:16,==== Initializing Parameters ====
20150303  15:11:16,Reading in config file ....
20150303  15:11:16,lat	120.7278
20150303  15:11:16,long	46.9528
20150303  15:11:16,Configuration parameters read
20150303  15:32:04,==== Initializing Parameters ====
20150303  15:32:04,Reading in config file ....
20150303  15:32:04,lat	120.7278
20150303  15:32:04,long	46.9528
20150303  15:32:04,Configuration parameters read
20150303  15:32:26,==== Initializing Parameters ====
20150303  15:32:26,Reading in config file ....
20150303  15:32:26,lat	120.7278
20150303  15:32:26,long	46.9528
20150303  15:32:26,Configuration parameters read
20150303  15:32:40,==== Initializing Parameters ====
20150303  15:32:40,Reading in config file ....
20150303  15:32:40,lat	120.7278
20150303  15:32:40,long	46.9528
20150303  15:32:40,Configuration parameters read
20150303  15:32:54,==== Initializing Parameters ====
20150303  15:32:54,Reading in config file ....
20150303  15:32:54,lat	120.7278
20150303  15:32:54,long	46.9528
20150303  15:32:54,Configuration parameters read
20150303  15:33:04,==== Initializing Parameters ====
20150303  15:33:04,Reading in config file ....
20150303  15:33:04,lat	120.7278
20150303  15:33:04,long	46.9528
20150303  15:33:04,Configuration parameters read
20150303  15:35:27,==== Initializing Parameters ====
20150303  15:35:27,Reading in config file ....
20150303  15:35:27,lat	120.7278
20150303  15:35:27,long	46.9528
20150303  15:35:27,Configuration parameters read
20150303  15:35:50,==== Initializing Parameters ====
20150303  15:35:50,Reading in config file ....
20150303  15:35:50,lat	120.7278
20150303  15:35:50,long	46.9528
20150303  15:35:50,Configuration parameters read
20150303  15:37:03,==== Initializing Parameters ====
20150303  15:37:03,Reading in config file ....
20150303  15:37:03,lat	120.7278
20150303  15:37:03,long	46.9528
20150303  15:37:03,Configuration parameters read
20150303  15:40:06,==== Initializing Parameters ====
20150303  15:40:06,Reading in config file ....
20150303  15:40:06,lat	120.7278
20150303  15:40:06,long	46.9528
20150303  15:40:06,Configuration parameters read
20150303  15:40:18,==== Initializing Parameters ====
20150303  15:40:18,Reading in config file ....
20150303  15:40:18,lat	120.7278
20150303  15:40:18,long	46.9528
20150303  15:40:18,Configuration parameters read
20150303  15:44:26,==== Initializing Parameters ====
20150303  15:44:26,Reading in config file ....
20150303  15:44:26,lat	120.7278
20150303  15:44:26,long	46.9528
20150303  15:44:26,Configuration parameters read
20150303  15:44:50,==== Initializing Parameters ====
20150303  15:44:50,Reading in config file ....
20150303  15:44:50,lat	120.7278
20150303  15:44:50,long	46.9528
20150303  15:44:50,Configuration parameters read
20150303  15:45:13,==== Initializing Parameters ====
20150303  15:45:13,Reading in config file ....
20150303  15:45:13,lat	120.7278
20150303  15:45:13,long	46.9528
20150303  15:45:13,Configuration parameters read
20150303  15:45:20,==== Initializing Parameters ====
20150303  15:45:20,Reading in config file ....
20150303  15:45:20,lat	120.7278
20150303  15:45:20,long	46.9528
20150303  15:45:20,Configuration parameters read
20150303  15:45:32,==== Initializing Parameters ====
20150303  15:45:32,Reading in config file ....
20150303  15:45:32,lat	120.7278
20150303  15:45:32,long	46.9528
20150303  15:45:32,Configuration parameters read
20150303  15:53:33,==== Initializing Parameters ====
20150303  15:53:33,Reading in config file ....
20150303  15:53:33,lat	120.7278
20150303  15:53:33,long	46.9528
20150303  15:53:33,Configuration parameters read
20150303  15:54:46,==== Initializing Parameters ====
20150303  15:54:46,Reading in config file ....
20150303  15:54:46,lat	120.7278
20150303  15:54:46,long	46.9528
20150303  15:54:46,Configuration parameters read
20150303  15:55:50,==== Initializing Parameters ====
20150303  15:55:50,Reading in config file ....
20150303  15:55:50,lat	120.7278
20150303  15:55:50,long	46.9528
20150303  15:55:50,Configuration parameters read
20150303  15:57:28,==== Initializing Parameters ====
20150303  15:57:28,Reading in config file ....
20150303  15:57:28,lat	120.7278
20150303  15:57:28,long	46.9528
20150303  15:57:28,Configuration parameters read
20150303  15:58:09,==== Initializing Parameters ====
20150303  15:58:09,Reading in config file ....
20150303  15:58:09,lat	120.7278
20150303  15:58:09,long	46.9528
20150303  15:58:09,Configuration parameters read
20150303  15:58:39,==== Initializing Parameters ====
20150303  15:58:39,Reading in config file ....
20150303  15:58:39,lat	120.7278
20150303  15:58:39,long	46.9528
20150303  15:58:39,Configuration parameters read
20150303  15:59:03,==== Initializing Parameters ====
20150303  15:59:03,Reading in config file ....
20150303  15:59:03,lat	120.7278
20150303  15:59:03,long	46.9528
20150303  15:59:03,Configuration parameters read
20150303  16:00:03,==== Initializing Parameters ====
20150303  16:00:03,Reading in config file ....
20150303  16:00:03,lat	120.7278
20150303  16:00:03,long	46.9528
20150303  16:00:03,Configuration parameters read
20150303  16:01:22,==== Initializing Parameters ====
20150303  16:01:22,Reading in config file ....
20150303  16:01:22,lat	120.7278
20150303  16:01:22,long	46.9528
20150303  16:01:22,Configuration parameters read
20150303  16:03:32,==== Initializing Parameters ====
20150303  16:03:32,Reading in config file ....
20150303  16:03:32,lat	120.7278
20150303  16:03:32,long	46.9528
20150303  16:03:32,Configuration parameters read
20150303  16:03:53,==== Initializing Parameters ====
20150303  16:03:53,Reading in config file ....
20150303  16:03:53,lat	120.7278
20150303  16:03:53,long	46.9528
20150303  16:03:53,Configuration parameters read
20150303  16:04:53,==== Initializing Parameters ====
20150303  16:04:53,Reading in config file ....
20150303  16:04:53,lat	120.7278
20150303  16:04:53,long	46.9528
20150303  16:04:53,Configuration parameters read
20150303  16:06:47,==== Initializing Parameters ====
20150303  16:06:47,Reading in config file ....
20150303  16:06:47,lat	120.7278
20150303  16:06:47,long	46.9528
20150303  16:06:47,Configuration parameters read
20150303  16:08:08,==== Initializing Parameters ====
20150303  16:08:08,Reading in config file ....
20150303  16:08:08,lat	120.7278
20150303  16:08:08,long	46.9528
20150303  16:08:08,Configuration parameters read
20150303  16:08:55,==== Initializing Parameters ====
20150303  16:08:55,Reading in config file ....
20150303  16:08:55,lat	120.7278
20150303  16:08:55,long	46.9528
20150303  16:08:55,Configuration parameters read
20150303  16:10:06,==== Initializing Parameters ====
20150303  16:10:06,Reading in config file ....
20150303  16:10:06,lat	120.7278
20150303  16:10:06,long	46.9528
20150303  16:10:06,Configuration parameters read
20150303  16:10:21,==== Initializing Parameters ====
20150303  16:10:21,Reading in config file ....
20150303  16:10:21,lat	120.7278
20150303  16:10:21,long	46.9528
20150303  16:10:21,Configuration parameters read
20150303  16:10:47,==== Initializing Parameters ====
20150303  16:10:47,Reading in config file ....
20150303  16:10:47,lat	120.7278
20150303  16:10:47,long	46.9528
20150303  16:10:47,Configuration parameters read
20150303  16:10:57,==== Initializing Parameters ====
20150303  16:10:57,Reading in config file ....
20150303  16:10:57,lat	120.7278
20150303  16:10:57,long	46.9528
20150303  16:10:57,Configuration parameters read
20150303  16:11:07,==== Initializing Parameters ====
20150303  16:11:07,Reading in config file ....
20150303  16:11:07,lat	120.7278
20150303  16:11:07,long	46.9528
20150303  16:11:07,Configuration parameters read
20150303  16:13:00,==== Initializing Parameters ====
20150303  16:13:00,Reading in config file ....
20150303  16:13:00,lat	120.7278
20150303  16:13:00,long	46.9528
20150303  16:13:00,Configuration parameters read
20150303  16:13:29,==== Initializing Parameters ====
20150303  16:13:29,Reading in config file ....
20150303  16:13:29,lat	120.7278
20150303  16:13:29,long	46.9528
20150303  16:13:29,Configuration parameters read
20150303  16:14:08,==== Initializing Parameters ====
20150303  16:14:08,Reading in config file ....
20150303  16:14:08,lat	120.7278
20150303  16:14:08,long	46.9528
20150303  16:14:08,Configuration parameters read
20150303  16:14:22,==== Initializing Parameters ====
20150303  16:14:22,Reading in config file ....
20150303  16:14:22,lat	120.7278
20150303  16:14:22,long	46.9528
20150303  16:14:22,Configuration parameters read
20150303  16:16:23,==== Initializing Parameters ====
20150303  16:16:23,Reading in config file ....
20150303  16:16:23,['lat', 'l']
20150303  16:16:23,['lastRA', 'a']
20150303  16:16:23,['lastGuiderRot', 's']
20150303  16:16:23,['long', 'g']
20150303  16:16:23,['lastDEC', 'D']
20150303  16:16:23,Configuration parameters read
20150303  16:16:44,==== Initializing Parameters ====
20150303  16:16:44,Reading in config file ....
20150303  16:16:44,['lat', 'l']
20150303  16:16:44,['lastRA', 'a']
20150303  16:16:44,['lastGuiderRot', 's']
20150303  16:16:44,['long', 'g']
20150303  16:16:44,['lastDEC', 'D']
20150303  16:16:44,Configuration parameters read
20150303  16:17:02,==== Initializing Parameters ====
20150303  16:17:02,Reading in config file ....
20150303  16:17:02,['lat', '120.7278']
20150303  16:17:02,['lastRA', None]
20150303  16:17:02,['lastGuiderRot', None]
20150303  16:17:02,['long', '46.9528']
20150303  16:17:02,['lastDEC', None]
20150303  16:17:02,Configuration parameters read
20150303  16:17:26,==== Initializing Parameters ====
20150303  16:17:26,Reading in config file ....
20150303  16:17:26,['lat', '120.7278']
20150303  16:17:26,['lastRA', None]
20150303  16:17:26,['lastGuiderRot', None]
20150303  16:17:26,['long', '46.9528']
20150303  16:17:26,['lastDEC', None]
20150303  16:17:26,Configuration parameters read
20150303  16:33:27,==== Initializing Parameters ====
20150303  16:33:27,Reading in config file ....
20150303  16:33:27,['lat', '120.7278']
20150303  16:33:27,['lastRA', None]
20150303  16:33:27,['lastGuiderRot', None]
20150303  16:33:27,['long', '46.9528']
20150303  16:33:27,['lastDEC', None]
20150303  16:33:27,Configuration parameters read
20150303  16:34:11,==== Initializing Parameters ====
20150303  16:34:11,Reading in config file ....
20150303  16:34:11,['lat', '120.7278']
20150303  16:34:11,['lastRA', None]
20150303  16:34:11,['lastGuiderRot', None]
20150303  16:34:11,['long', '46.9528']
20150303  16:34:11,['lastDEC', None]
20150303  16:34:11,Configuration parameters read
20150303  16:35:52,==== Initializing Parameters ====
20150303  16:35:52,Reading in config file ....
20150303  16:35:52,['lat', '120.7278']
20150303  16:35:52,['lastRA', None]
20150303  16:35:52,['lastGuiderRot', None]
20150303  16:35:52,['long', '46.9528']
20150303  16:35:52,['lastDEC', None]
20150303  16:35:52,Configuration parameters read
20150303  16:36:17,==== Initializing Parameters ====
20150303  16:36:17,Reading in config file ....
20150303  16:36:17,['lat', '120.7278']
20150303  16:36:17,['lastRA', None]
20150303  16:36:17,['lastGuiderRot', None]
20150303  16:36:17,['long', '46.9528']
20150303  16:36:17,['lastDEC', None]
20150303  16:36:17,Configuration parameters read
20150303  16:36:36,==== Initializing Parameters ====
20150303  16:36:36,Reading in config file ....
20150303  16:36:36,['lat', '120.7278']
20150303  16:36:36,['lastRA', None]
20150303  16:36:36,['lastGuiderRot', None]
20150303  16:36:36,['long', '46.9528']
20150303  16:36:36,['lastDEC', None]
20150303  16:36:36,Configuration parameters read
20150303  16:43:44,==== Initializing Parameters ====
20150303  16:43:44,Reading in config file ....
20150303  16:43:44,['lat', '120.7278']
20150303  16:43:44,['lastRA', None]
20150303  16:43:44,['lastGuiderRot', None]
20150303  16:43:44,['long', '46.9528']
20150303  16:43:44,['lastDEC', None]
20150303  16:43:44,Configuration parameters read
20150303  16:44:32,==== Initializing Parameters ====
20150303  16:44:32,Reading in config file ....
20150303  16:44:32,['lat', '120.7278']
20150303  16:44:32,['lastRA', None]
20150303  16:44:32,['lastGuiderRot', None]
20150303  16:44:32,['long', '46.9528']
20150303  16:44:32,['lastDEC', None]
20150303  16:44:32,Configuration parameters read
20150303  16:45:02,==== Initializing Parameters ====
20150303  16:45:02,Reading in config file ....
20150303  16:45:02,['lat', '120.7278']
20150303  16:45:02,['lastRA', None]
20150303  16:45:02,['lastGuiderRot', None]
20150303  16:45:02,['long', '46.9528']
20150303  16:45:02,['lastDEC', None]
20150303  16:45:02,Configuration parameters read
20150303  16:47:49,==== Initializing Parameters ====
20150303  16:47:49,Reading in config file ....
20150303  16:47:49,['lat', '120.7278']
20150303  16:47:49,['lastRA', None]
20150303  16:47:49,['lastGuiderRot', None]
20150303  16:47:49,['long', '46.9528']
20150303  16:47:49,['lastDEC', None]
20150303  16:47:49,Configuration parameters read
20150303  18:13:39,==== Initializing Parameters ====
20150303  18:13:39,Reading in config file ....
20150303  18:13:39,['lat', '120.7278']
20150303  18:13:39,['lastRA', None]
20150303  18:13:39,['lastGuiderRot', None]
20150303  18:13:39,['long', '46.9528']
20150303  18:13:39,['lastDEC', None]
20150303  18:13:39,Configuration parameters read
20150303  18:22:33,==== Initializing Parameters ====
20150303  18:22:33,Reading in config file ....
20150303  18:22:33,['lat', '120.7278']
20150303  18:22:33,['lastRA', None]
20150303  18:22:33,['lastGuiderRot', None]
20150303  18:22:33,['long', '46.9528']
20150303  18:22:33,['lastDEC', None]
20150303  18:22:33,Configuration parameters read
20150303  18:26:30,==== Initializing Parameters ====
20150303  18:26:30,Reading in config file ....
20150303  18:26:30,['lat', '120.7278']
20150303  18:26:30,['lastRA', None]
20150303  18:26:30,['lastGuiderRot', None]
20150303  18:26:30,['long', '46.9528']
20150303  18:26:30,['lastDEC', None]
20150303  18:26:30,Configuration parameters read
20150303  18:27:46,==== Initializing Parameters ====
20150303  18:27:46,Reading in config file ....
20150303  18:27:46,['lat', '120.7278']
20150303  18:27:46,['lastRA', None]
20150303  18:27:46,['lastGuiderRot', None]
20150303  18:27:46,['long', '46.9528']
20150303  18:27:46,['lastDEC', None]
20150303  18:27:46,Configuration parameters read
20150303  18:28:30,==== Initializing Parameters ====
20150303  18:28:30,Reading in config file ....
20150303  18:28:30,['lat', '120.7278']
20150303  18:28:30,['lastRA', None]
20150303  18:28:30,['lastGuiderRot', None]
20150303  18:28:30,['long', '46.9528']
20150303  18:28:30,['lastDEC', None]
20150303  18:28:30,Configuration parameters read
20150303  18:30:07,==== Initializing Parameters ====
20150303  18:30:07,Reading in config file ....
20150303  18:30:07,['lat', '120.7278']
20150303  18:30:07,['lastRA', None]
20150303  18:30:07,['lastGuiderRot', None]
20150303  18:30:07,['long', '46.9528']
20150303  18:30:07,['lastDEC', None]
20150303  18:30:07,Configuration parameters read
20150303  18:35:37,==== Initializing Parameters ====
20150303  18:35:37,Reading in config file ....
20150303  18:35:37,['lat', '120.7278']
20150303  18:35:37,['lastRA', None]
20150303  18:35:37,['lastGuiderRot', None]
20150303  18:35:37,['long', '46.9528']
20150303  18:35:37,['lastDEC', None]
20150303  18:35:37,Configuration parameters read
20150303  18:35:49,==== Initializing Parameters ====
20150303  18:35:49,Reading in config file ....
20150303  18:35:49,['lat', '120.7278']
20150303  18:35:49,['lastRA', None]
20150303  18:35:49,['lastGuiderRot', None]
20150303  18:35:49,['long', '46.9528']
20150303  18:35:49,['lastDEC', None]
20150303  18:35:49,Configuration parameters read
20150303  18:36:09,==== Initializing Parameters ====
20150303  18:36:09,Reading in config file ....
20150303  18:36:09,['lat', '120.7278']
20150303  18:36:09,['lastRA', None]
20150303  18:36:09,['lastGuiderRot', None]
20150303  18:36:09,['long', '46.9528']
20150303  18:36:09,['lastDEC', None]
20150303  18:36:09,Configuration parameters read
20150303  18:38:33,==== Initializing Parameters ====
20150303  18:38:33,Reading in config file ....
20150303  18:38:33,['lat', '120.7278']
20150303  18:38:33,['lastRA', None]
20150303  18:38:33,['lastGuiderRot', None]
20150303  18:38:33,['long', '46.9528']
20150303  18:38:33,['lastDEC', None]
20150303  18:38:33,Configuration parameters read
20150303  18:39:06,==== Initializing Parameters ====
20150303  18:39:06,Reading in config file ....
20150303  18:39:06,['lat', '120.7278']
20150303  18:39:06,['lastRA', None]
20150303  18:39:06,['lastGuiderRot', None]
20150303  18:39:06,['long', '46.9528']
20150303  18:39:06,['lastDEC', None]
20150303  18:39:06,Configuration parameters read
20150303  18:42:10,==== Initializing Parameters ====
20150303  18:42:10,Reading in config file ....
20150303  18:42:10,['lat', '120.7278']
20150303  18:42:10,['lastRA', None]
20150303  18:42:10,['lastGuiderRot', None]
20150303  18:42:10,['long', '46.9528']
20150303  18:42:10,['lastDEC', None]
20150303  18:42:10,Configuration parameters read
20150303  18:43:58,==== Initializing Parameters ====
20150303  18:43:58,Reading in config file ....
20150303  18:43:58,['lat', '120.7278']
20150303  18:43:58,['lastRA', None]
20150303  18:43:58,['lastGuiderRot', None]
20150303  18:43:58,['long', '46.9528']
20150303  18:43:58,['lastDEC', None]
20150303  18:43:58,Configuration parameters read
20150303  19:07:37,==== Initializing Parameters ====
20150303  19:07:37,Reading in config file ....
20150303  19:08:03,==== Initializing Parameters ====
20150303  19:08:03,Reading in config file ....
20150303  19:08:13,==== Initializing Parameters ====
20150303  19:08:13,Reading in config file ....
20150303  19:08:13,['lat', '120.7278']
20150303  19:08:13,['lastRA', None]
20150303  19:08:13,['lastGuiderRot', None]
20150303  19:08:13,['long', '46.9528']
20150303  19:08:13,['lastDEC', None]
20150303  19:08:13,Configuration parameters read
20150303  19:09:09,==== Initializing Parameters ====
20150303  19:09:09,Reading in config file ....
20150303  19:09:09,['lat', '-120.7278']
20150303  19:09:09,['lastRA', None]
20150303  19:09:09,['lastGuiderRot', None]
20150303  19:09:09,['lon', '46.9528']
20150303  19:09:09,['lastDEC', None]
20150303  19:09:09,Configuration parameters read
20150303  19:09:36,==== Initializing Parameters ====
20150303  19:09:36,Reading in config file ....
20150303  19:09:36,['lat', '-120.7278']
20150303  19:09:36,['lastRA', None]
20150303  19:09:36,['lastGuiderRot', None]
20150303  19:09:36,['lon', '46.9528']
20150303  19:09:36,['lastDEC', None]
20150303  19:09:36,Configuration parameters read
20150303  19:09:57,==== Initializing Parameters ====
20150303  19:09:57,Reading in config file ....
20150303  19:09:57,['lat', '-120.7278']
20150303  19:09:57,['lastRA', None]
20150303  19:09:57,['lastGuiderRot', None]
20150303  19:09:57,['lon', '46.9528']
20150303  19:09:57,['lastDEC', None]
20150303  19:09:57,Configuration parameters read
20150303  19:10:24,==== Initializing Parameters ====
20150303  19:10:24,Reading in config file ....
20150303  19:10:24,['lat', '-120.7278']
20150303  19:10:24,['lastRA', None]
20150303  19:10:24,['lastGuiderRot', None]
20150303  19:10:24,['lon', '46.9528']
20150303  19:10:24,['lastDEC', None]
20150303  19:10:24,Configuration parameters read
20150303  19:11:35,==== Initializing Parameters ====
20150303  19:11:35,Reading in config file ....
20150303  19:11:35,['lat', '-120.7278']
20150303  19:11:35,['lastRA', None]
20150303  19:11:35,['lastGuiderRot', None]
20150303  19:11:35,['lon', '46.9528']
20150303  19:11:35,['lastDEC', None]
20150303  19:11:35,Configuration parameters read
20150303  19:13:02,==== Initializing Parameters ====
20150303  19:13:02,Reading in config file ....
20150303  19:13:02,['lat', '-120.7278']
20150303  19:13:02,['lastRA', None]
20150303  19:13:02,['lastGuiderRot', None]
20150303  19:13:02,['lon', '46.9528']
20150303  19:13:02,['lastDEC', None]
20150303  19:13:02,Configuration parameters read
20150303  19:13:15,==== Initializing Parameters ====
20150303  19:13:15,Reading in config file ....
20150303  19:13:15,['lat', '-120.7278']
20150303  19:13:15,['lastRA', None]
20150303  19:13:15,['lastGuiderRot', None]
20150303  19:13:15,['lon', '46.9528']
20150303  19:13:15,['lastDEC', None]
20150303  19:13:15,Configuration parameters read
20150303  19:13:57,==== Initializing Parameters ====
20150303  19:13:57,Reading in config file ....
20150303  19:13:57,['lat', '-120.7278']
20150303  19:13:57,['lastRA', None]
20150303  19:13:57,['lastGuiderRot', None]
20150303  19:13:57,['lon', '46.9528']
20150303  19:13:57,['lastDEC', None]
20150303  19:13:57,Configuration parameters read
20150303  19:17:05,==== Initializing Parameters ====
20150303  19:17:05,Reading in config file ....
20150303  19:17:05,['lat', '-120.7278']
20150303  19:17:05,['lastRA', None]
20150303  19:17:05,['lastGuiderRot', None]
20150303  19:17:05,['lon', '46.9528']
20150303  19:17:05,['lastDEC', None]
20150303  19:17:05,Configuration parameters read
20150303  19:17:53,==== Initializing Parameters ====
20150303  19:17:53,Reading in config file ....
20150303  19:17:53,['lat', '-120.7278']
20150303  19:17:53,['lastRA', None]
20150303  19:17:53,['lastGuiderRot', None]
20150303  19:17:53,['lon', '46.9528']
20150303  19:17:53,['lastDEC', None]
20150303  19:17:53,Configuration parameters read
20150303  19:20:55,==== Initializing Parameters ====
20150303  19:20:55,Reading in config file ....
20150303  19:20:55,['lat', '-120.7278']
20150303  19:20:55,['lastRA', None]
20150303  19:20:55,['lastGuiderRot', None]
20150303  19:20:55,['lon', '46.9528']
20150303  19:20:55,['lastDEC', None]
20150303  19:20:55,Configuration parameters read
20150303  19:21:47,==== Initializing Parameters ====
20150303  19:21:47,Reading in config file ....
20150303  19:21:47,['lat', '46.9528']
20150303  19:21:47,['lastRA', None]
20150303  19:21:47,['lastGuiderRot', None]
20150303  19:21:47,['lon', '-120.7278']
20150303  19:21:47,['lastDEC', None]
20150303  19:21:47,Configuration parameters read
