20150304T080816,==== Initializing Parameters ====
20150304T080816,Reading in config file ....
20150304T080816,['lat', '46.9528']
20150304T080816,['lastRA', None]
20150304T080816,['lastGuiderRot', None]
20150304T080816,['lon', '-120.7278']
20150304T080816,['lastDEC', None]
20150304T080816,Configuration parameters read
20150304T091938,==== Initializing Parameters ====
20150304T091938,Reading in config file ....
20150304T091938,['lat', '46.9528']
20150304T091938,['lastRA', None]
20150304T091938,['lastGuiderRot', None]
20150304T091938,['lon', '-120.7278']
20150304T091938,['lastDEC', None]
20150304T091938,Configuration parameters read
20150304T092009,==== Initializing Parameters ====
20150304T092009,Reading in config file ....
20150304T092009,['lat', '46.9528']
20150304T092009,['lastRA', None]
20150304T092009,['lastGuiderRot', None]
20150304T092009,['lon', '-120.7278']
20150304T092009,['lastDEC', None]
20150304T092009,Configuration parameters read
20150304T092025,==== Initializing Parameters ====
20150304T092025,Reading in config file ....
20150304T092025,['lat', '46.9528']
20150304T092025,['lastRA', None]
20150304T092025,['lastGuiderRot', None]
20150304T092025,['lon', '-120.7278']
20150304T092025,['lastDEC', None]
20150304T092025,Configuration parameters read
20150304T092053,==== Initializing Parameters ====
20150304T092053,Reading in config file ....
20150304T092053,['lat', '46.9528']
20150304T092053,['lastRA', None]
20150304T092053,['lastGuiderRot', None]
20150304T092053,['lon', '-120.7278']
20150304T092053,['lastDEC', None]
20150304T092053,Configuration parameters read
20150304T092152,==== Initializing Parameters ====
20150304T092152,Reading in config file ....
20150304T092152,['lat', '46.9528']
20150304T092152,['lastRA', None]
20150304T092152,['lastGuiderRot', None]
20150304T092152,['lon', '-120.7278']
20150304T092152,['lastDEC', None]
20150304T092152,Configuration parameters read
20150304T092228,==== Initializing Parameters ====
20150304T092228,Reading in config file ....
20150304T092228,['lat', '46.9528']
20150304T092228,['lastRA', None]
20150304T092228,['lastGuiderRot', None]
20150304T092228,['lon', '-120.7278']
20150304T092228,['lastDEC', None]
20150304T092228,Configuration parameters read
20150304T092258,==== Initializing Parameters ====
20150304T092258,Reading in config file ....
20150304T092258,['lat', '46.9528']
20150304T092258,['lastRA', None]
20150304T092258,['lastGuiderRot', None]
20150304T092258,['lon', '-120.7278']
20150304T092258,['lastDEC', None]
20150304T092258,Configuration parameters read
20150304T092505,==== Initializing Parameters ====
20150304T092505,Reading in config file ....
20150304T092505,['lat', '46.9528']
20150304T092505,['lastRA', None]
20150304T092505,['lastGuiderRot', None]
20150304T092505,['lon', '-120.7278']
20150304T092505,['lastDEC', None]
20150304T092505,Configuration parameters read
20150304T092523,==== Initializing Parameters ====
20150304T092523,Reading in config file ....
20150304T092523,['lat', '46.9528']
20150304T092523,['lastRA', None]
20150304T092523,['lastGuiderRot', None]
20150304T092523,['lon', '-120.7278']
20150304T092523,['lastDEC', None]
20150304T092523,Configuration parameters read
20150304T092610,==== Initializing Parameters ====
20150304T092610,Reading in config file ....
20150304T092610,['lat', '46.9528']
20150304T092610,['lastRA', None]
20150304T092610,['lastGuiderRot', None]
20150304T092610,['lon', '-120.7278']
20150304T092610,['lastDEC', None]
20150304T092610,Configuration parameters read
20150304T093116,==== Initializing Parameters ====
20150304T093116,Reading in config file ....
20150304T093116,['lat', '46.9528']
20150304T093116,['lastRA', None]
20150304T093116,['lastGuiderRot', None]
20150304T093116,['lon', '-120.7278']
20150304T093116,['lastDEC', None]
20150304T093116,Configuration parameters read
20150304T093302,==== Initializing Parameters ====
20150304T093302,Reading in config file ....
20150304T093302,['lat', '46.9528']
20150304T093302,['lastRA', None]
20150304T093302,['lastGuiderRot', None]
20150304T093302,['lon', '-120.7278']
20150304T093302,['lastDEC', None]
20150304T093302,Configuration parameters read
20150304T093309,==== Initializing Parameters ====
20150304T093309,Reading in config file ....
20150304T093309,['lat', '46.9528']
20150304T093309,['lastRA', None]
20150304T093309,['lastGuiderRot', None]
20150304T093309,['lon', '-120.7278']
20150304T093309,['lastDEC', None]
20150304T093309,Configuration parameters read
20150304T093332,==== Initializing Parameters ====
20150304T093332,Reading in config file ....
20150304T093332,['lat', '46.9528']
20150304T093332,['lastRA', None]
20150304T093332,['lastGuiderRot', None]
20150304T093332,['lon', '-120.7278']
20150304T093332,['lastDEC', None]
20150304T093332,Configuration parameters read
20150304T093339,==== Initializing Parameters ====
20150304T093339,Reading in config file ....
20150304T093339,['lat', '46.9528']
20150304T093339,['lastRA', None]
20150304T093339,['lastGuiderRot', None]
20150304T093339,['lon', '-120.7278']
20150304T093339,['lastDEC', None]
20150304T093339,Configuration parameters read
20150304T093449,==== Initializing Parameters ====
20150304T093449,Reading in config file ....
20150304T093449,['lat', '46.9528']
20150304T093449,['lastRA', None]
20150304T093449,['lastGuiderRot', None]
20150304T093449,['lon', '-120.7278']
20150304T093449,['lastDEC', None]
20150304T093449,Configuration parameters read
20150304T093753,==== Initializing Parameters ====
20150304T093753,Reading in config file ....
20150304T093753,['lat', '46.9528']
20150304T093753,['lastRA', None]
20150304T093753,['lastGuiderRot', None]
20150304T093753,['lon', '-120.7278']
20150304T093753,['lastDEC', None]
20150304T093753,Configuration parameters read
20150304T093810,==== Initializing Parameters ====
20150304T093810,Reading in config file ....
20150304T093810,['lat', '46.9528']
20150304T093810,['lastRA', None]
20150304T093810,['lastGuiderRot', None]
20150304T093810,['lon', '-120.7278']
20150304T093810,['lastDEC', None]
20150304T093810,Configuration parameters read
20150304T094053,==== Initializing Parameters ====
20150304T094053,Reading in config file ....
20150304T094053,['lat', '46.9528']
20150304T094053,['lastRA', None]
20150304T094053,['lastGuiderRot', None]
20150304T094053,['lon', '-120.7278']
20150304T094053,['lastDEC', None]
20150304T094053,Configuration parameters read
20150304T094122,==== Initializing Parameters ====
20150304T094122,Reading in config file ....
20150304T094122,['lat', '46.9528']
20150304T094122,['lastRA', None]
20150304T094122,['lastGuiderRot', None]
20150304T094122,['lon', '-120.7278']
20150304T094122,['lastDEC', None]
20150304T094122,Configuration parameters read
20150304T094138,==== Initializing Parameters ====
20150304T094138,Reading in config file ....
20150304T094138,['lat', '46.9528']
20150304T094138,['lastRA', None]
20150304T094138,['lastGuiderRot', None]
20150304T094138,['lon', '-120.7278']
20150304T094138,['lastDEC', None]
20150304T094138,Configuration parameters read
20150304T094216,==== Initializing Parameters ====
20150304T094216,Reading in config file ....
20150304T094216,['lat', '46.9528']
20150304T094216,['lastRA', None]
20150304T094216,['lastGuiderRot', None]
20150304T094216,['lon', '-120.7278']
20150304T094216,['lastDEC', None]
20150304T094216,Configuration parameters read
20150304T094312,==== Initializing Parameters ====
20150304T094312,Reading in config file ....
20150304T094312,['lat', '46.9528']
20150304T094312,['lastRA', None]
20150304T094312,['lastGuiderRot', None]
20150304T094312,['lon', '-120.7278']
20150304T094312,['lastDEC', None]
20150304T094312,Configuration parameters read
20150304T094331,==== Initializing Parameters ====
20150304T094331,Reading in config file ....
20150304T094331,['lat', '46.9528']
20150304T094331,['lastRA', None]
20150304T094331,['lastGuiderRot', None]
20150304T094331,['lon', '-120.7278']
20150304T094331,['lastDEC', None]
20150304T094331,Configuration parameters read
20150304T094341,==== Initializing Parameters ====
20150304T094341,Reading in config file ....
20150304T094341,['lat', '46.9528']
20150304T094341,['lastRA', None]
20150304T094341,['lastGuiderRot', None]
20150304T094341,['lon', '-120.7278']
20150304T094341,['lastDEC', None]
20150304T094341,Configuration parameters read
20150304T094607,==== Initializing Parameters ====
20150304T094607,Reading in config file ....
20150304T094607,['elevation', '1198']
20150304T094607,['lastGuiderRot', 'None']
20150304T094607,['lon', '-120.7278']
20150304T094607,['lastRA', 'None']
20150304T094607,['lat', '46.9528']
20150304T094607,['lastFocusPos', '1500']
20150304T094607,['lastDEC', 'None']
20150304T094607,Configuration parameters read
20150304T094727,==== Initializing Parameters ====
20150304T094727,Reading in config file ....
20150304T094727,['elevation', '1198']
20150304T094727,['lastGuiderRot', 'None']
20150304T094727,['lon', '-120.7278']
20150304T094727,['lastRA', 'None']
20150304T094727,['lat', '46.9528']
20150304T094727,['lastFocusPos', '1500']
20150304T094727,['lastDEC', 'None']
20150304T094727,Configuration parameters read
20150304T094915,==== Initializing Parameters ====
20150304T094915,Reading in config file ....
20150304T094915,['elevation', '1198']
20150304T094915,['lastGuiderRot', 'None']
20150304T094915,['lon', '-120.7278']
20150304T094915,['lastRA', 'None']
20150304T094915,['lat', '46.9528']
20150304T094915,['lastFocusPos', '1500']
20150304T094915,['lastDEC', 'None']
20150304T094915,Configuration parameters read
20150304T094930,==== Initializing Parameters ====
20150304T094930,Reading in config file ....
20150304T094930,['elevation', '1198']
20150304T094930,['lastGuiderRot', 'None']
20150304T094930,['lon', '-120.7278']
20150304T094930,['lastRA', 'None']
20150304T094930,['lat', '46.9528']
20150304T094930,['lastFocusPos', '1500']
20150304T094930,['lastDEC', 'None']
20150304T094930,Configuration parameters read
20150304T095010,==== Initializing Parameters ====
20150304T095010,Reading in config file ....
20150304T095010,['elevation', '1198']
20150304T095010,['lastGuiderRot', 'None']
20150304T095010,['lon', '-120.7278']
20150304T095010,['lastRA', 'None']
20150304T095010,['lat', '46.9528']
20150304T095010,['lastFocusPos', '1500']
20150304T095010,['lastDEC', 'None']
20150304T095010,Configuration parameters read
20150304T095059,==== Initializing Parameters ====
20150304T095059,Reading in config file ....
20150304T095059,['elevation', '1198']
20150304T095059,['lastGuiderRot', 'None']
20150304T095059,['lon', '-120.7278']
20150304T095059,['lastRA', 'None']
20150304T095059,['lat', '46.9528']
20150304T095059,['lastFocusPos', '1500']
20150304T095059,['lastDEC', 'None']
20150304T095059,Configuration parameters read
20150304T095111,==== Initializing Parameters ====
20150304T095111,Reading in config file ....
20150304T095111,['elevation', '1198']
20150304T095111,['lastGuiderRot', 'None']
20150304T095111,['lon', '-120.7278']
20150304T095111,['lastRA', 'None']
20150304T095111,['lat', '46.9528']
20150304T095111,['lastFocusPos', '1500']
20150304T095111,['lastDEC', 'None']
20150304T095111,Configuration parameters read
20150304T095232,==== Initializing Parameters ====
20150304T095232,Reading in config file ....
20150304T095232,['elevation', '1198']
20150304T095232,['lastGuiderRot', 'None']
20150304T095232,['lon', '-120.7278']
20150304T095232,['lastRA', 'None']
20150304T095232,['lat', '46.9528']
20150304T095232,['lastFocusPos', '1500']
20150304T095232,['lastDEC', 'None']
20150304T095232,Configuration parameters read
20150304T095400,==== Initializing Parameters ====
20150304T095400,Reading in config file ....
20150304T095400,['elevation', '1198']
20150304T095400,['lastGuiderRot', 'None']
20150304T095400,['lon', '-120.7278']
20150304T095400,['lastRA', 'None']
20150304T095400,['lat', '46.9528']
20150304T095400,['lastFocusPos', '1500']
20150304T095400,['lastDEC', 'None']
20150304T095400,Configuration parameters read
20150304T095426,==== Initializing Parameters ====
20150304T095426,Reading in config file ....
20150304T095426,['elevation', '1198']
20150304T095426,['lastGuiderRot', 'None']
20150304T095426,['lon', '-120.7278']
20150304T095426,['lastRA', 'None']
20150304T095426,['lat', '46.9528']
20150304T095426,['lastFocusPos', '1500']
20150304T095426,['lastDEC', 'None']
20150304T095426,Configuration parameters read
20150304T191547,==== Initializing Parameters ====
20150304T191547,Reading in config file ....
20150304T191547,['elevation', '1198']
20150304T191547,['lastGuiderRot', 'None']
20150304T191547,['lon', '-120.7278']
20150304T191547,['lastRA', 'None']
20150304T191547,['lat', '46.9528']
20150304T191547,['lastFocusPos', '1500']
20150304T191547,['lastDEC', 'None']
20150304T191547,Configuration parameters read
20150304T191821,==== Initializing Parameters ====
20150304T191821,Reading in config file ....
20150304T191821,['elevation', '1198']
20150304T191821,['lastGuiderRot', 'None']
20150304T191821,['lon', '-120.7278']
20150304T191821,['lastRA', 'None']
20150304T191821,['lat', '46.9528']
20150304T191821,['lastFocusPos', '1500']
20150304T191821,['lastDEC', 'None']
20150304T191821,Configuration parameters read
20150304T192031,==== Initializing Parameters ====
20150304T192031,Reading in config file ....
20150304T192031,['elevation', '1198']
20150304T192031,['lastGuiderRot', 'None']
20150304T192031,['lon', '-120.7278']
20150304T192031,['lastRA', 'None']
20150304T192031,['lat', '46.9528']
20150304T192031,['lastFocusPos', '1500']
20150304T192031,['lastDEC', 'None']
20150304T192031,Configuration parameters read
20150304T192054,==== Initializing Parameters ====
20150304T192054,Reading in config file ....
20150304T192054,['elevation', '1198']
20150304T192054,['lastGuiderRot', 'None']
20150304T192054,['lon', '-120.7278']
20150304T192054,['lastRA', 'None']
20150304T192054,['lat', '46.9528']
20150304T192054,['lastFocusPos', '1500']
20150304T192054,['lastDEC', 'None']
20150304T192054,Configuration parameters read
20150304T192135,==== Initializing Parameters ====
20150304T192135,Reading in config file ....
20150304T192135,['elevation', '1198']
20150304T192135,['lastGuiderRot', 'None']
20150304T192135,['lon', '-120.7278']
20150304T192135,['lastRA', 'None']
20150304T192135,['lat', '46.9528']
20150304T192135,['lastFocusPos', '1500']
20150304T192135,['lastDEC', 'None']
20150304T192135,Configuration parameters read
20150304T192711,==== Initializing Parameters ====
20150304T192711,Reading in config file ....
20150304T192711,['elevation', '1198']
20150304T192711,['lastGuiderRot', 'None']
20150304T192711,['lon', '-120.7278']
20150304T192711,['lastRA', 'None']
20150304T192711,['lat', '46.9528']
20150304T192711,['lastFocusPos', '1500']
20150304T192711,['lastDEC', 'None']
20150304T192711,Configuration parameters read
20150304T192731,==== Initializing Parameters ====
20150304T192731,Reading in config file ....
20150304T192731,['elevation', '1198']
20150304T192731,['lastGuiderRot', 'None']
20150304T192731,['lon', '-120.7278']
20150304T192731,['lastRA', 'None']
20150304T192731,['lat', '46.9528']
20150304T192731,['lastFocusPos', '1500']
20150304T192731,['lastDEC', 'None']
20150304T192731,Configuration parameters read
20150304T192755,==== Initializing Parameters ====
20150304T192755,Reading in config file ....
20150304T192755,['elevation', '1198']
20150304T192755,['lastGuiderRot', 'None']
20150304T192755,['lon', '-120.7278']
20150304T192755,['lastRA', 'None']
20150304T192755,['lat', '46.9528']
20150304T192755,['lastFocusPos', '1500']
20150304T192755,['lastDEC', 'None']
20150304T192755,Configuration parameters read
20150304T192852,==== Initializing Parameters ====
20150304T192852,Reading in config file ....
20150304T192852,['elevation', '1198']
20150304T192852,['lastGuiderRot', 'None']
20150304T192852,['lon', '-120.7278']
20150304T192852,['lastRA', 'None']
20150304T192852,['lat', '46.9528']
20150304T192852,['lastFocusPos', '1500']
20150304T192852,['lastDEC', 'None']
20150304T192852,Configuration parameters read
20150304T192924,==== Initializing Parameters ====
20150304T192924,Reading in config file ....
20150304T192924,['elevation', '1198']
20150304T192924,['lastGuiderRot', 'None']
20150304T192924,['lon', '-120.7278']
20150304T192924,['lastRA', 'None']
20150304T192924,['lat', '46.9528']
20150304T192924,['lastFocusPos', '1500']
20150304T192924,['lastDEC', 'None']
20150304T192924,Configuration parameters read
20150304T193149,==== Initializing Parameters ====
20150304T193149,Reading in config file ....
20150304T193149,['elevation', '1198']
20150304T193149,['lastGuiderRot', 'None']
20150304T193149,['lon', '-120.7278']
20150304T193149,['lastRA', 'None']
20150304T193149,['lat', '46.9528']
20150304T193149,['lastFocusPos', '1500']
20150304T193149,['lastDEC', 'None']
20150304T193149,Configuration parameters read
20150304T193204,==== Initializing Parameters ====
20150304T193204,Reading in config file ....
20150304T193204,['elevation', '1198']
20150304T193204,['lastGuiderRot', 'None']
20150304T193204,['lon', '-120.7278']
20150304T193204,['lastRA', 'None']
20150304T193204,['lat', '46.9528']
20150304T193204,['lastFocusPos', '1500']
20150304T193204,['lastDEC', 'None']
20150304T193204,Configuration parameters read
20150304T193230,==== Initializing Parameters ====
20150304T193230,Reading in config file ....
20150304T193230,['elevation', '1198']
20150304T193230,['lastGuiderRot', 'None']
20150304T193230,['lon', '-120.7278']
20150304T193230,['lastRA', 'None']
20150304T193230,['lat', '46.9528']
20150304T193230,['lastFocusPos', '1500']
20150304T193230,['lastDEC', 'None']
20150304T193230,Configuration parameters read
20150304T193342,==== Initializing Parameters ====
20150304T193342,Reading in config file ....
20150304T193342,['elevation', '1198']
20150304T193342,['lastGuiderRot', 'None']
20150304T193342,['lon', '-120.7278']
20150304T193342,['lastRA', 'None']
20150304T193342,['lat', '46.9528']
20150304T193342,['lastFocusPos', '1500']
20150304T193342,['lastDEC', 'None']
20150304T193342,Configuration parameters read
20150304T193356,==== Initializing Parameters ====
20150304T193356,Reading in config file ....
20150304T193356,['elevation', '1198']
20150304T193356,['lastGuiderRot', 'None']
20150304T193356,['lon', '-120.7278']
20150304T193356,['lastRA', 'None']
20150304T193356,['lat', '46.9528']
20150304T193356,['lastFocusPos', '1500']
20150304T193356,['lastDEC', 'None']
20150304T193356,Configuration parameters read
20150304T202100,==== Initializing Parameters ====
20150304T202100,Reading in config file ....
20150304T202100,['elevation', '1198']
20150304T202100,['lastGuiderRot', 'None']
20150304T202100,['lon', '-120.7278']
20150304T202100,['lastRA', 'None']
20150304T202100,['lat', '46.9528']
20150304T202100,['lastFocusPos', '1500']
20150304T202100,['lastDEC', 'None']
20150304T202100,Configuration parameters read
20150304T202624,==== Initializing Parameters ====
20150304T202624,Reading in config file ....
20150304T202624,['elevation', '1198']
20150304T202624,['lastGuiderRot', 'None']
20150304T202624,['lon', '-120.7278']
20150304T202624,['lastRA', 'None']
20150304T202624,['lat', '46.9528']
20150304T202624,['lastFocusPos', '1500']
20150304T202624,['lastDEC', 'None']
20150304T202624,Configuration parameters read
20150304T202649,==== Initializing Parameters ====
20150304T202649,Reading in config file ....
20150304T202649,['elevation', '1198']
20150304T202649,['lastGuiderRot', 'None']
20150304T202649,['lon', '-120.7278']
20150304T202649,['lastRA', 'None']
20150304T202649,['lat', '46.9528']
20150304T202649,['lastFocusPos', '1500']
20150304T202649,['lastDEC', 'None']
20150304T202649,Configuration parameters read
20150304T202710,==== Initializing Parameters ====
20150304T202710,Reading in config file ....
20150304T202710,['elevation', '1198']
20150304T202710,['lastGuiderRot', 'None']
20150304T202710,['lon', '-120.7278']
20150304T202710,['lastRA', 'None']
20150304T202710,['lat', '46.9528']
20150304T202710,['lastFocusPos', '1500']
20150304T202710,['lastDEC', 'None']
20150304T202710,Configuration parameters read
20150304T202805,==== Initializing Parameters ====
20150304T202805,Reading in config file ....
20150304T202805,['elevation', '1198']
20150304T202805,['lastGuiderRot', 'None']
20150304T202805,['lon', '-120.7278']
20150304T202805,['lastRA', 'None']
20150304T202805,['lat', '46.9528']
20150304T202805,['lastFocusPos', '1500']
20150304T202805,['lastDEC', 'None']
20150304T202805,Configuration parameters read
20150304T202909,==== Initializing Parameters ====
20150304T202909,Reading in config file ....
20150304T202909,['elevation', '1198']
20150304T202909,['lastGuiderRot', 'None']
20150304T202909,['lon', '-120.7278']
20150304T202909,['lastRA', 'None']
20150304T202909,['lat', '46.9528']
20150304T202909,['lastFocusPos', '1500']
20150304T202909,['lastDEC', 'None']
20150304T202909,Configuration parameters read
20150304T202919,==== Initializing Parameters ====
20150304T202919,Reading in config file ....
20150304T202919,['elevation', '1198']
20150304T202919,['lastGuiderRot', 'None']
20150304T202919,['lon', '-120.7278']
20150304T202919,['lastRA', 'None']
20150304T202919,['lat', '46.9528']
20150304T202919,['lastFocusPos', '1500']
20150304T202919,['lastDEC', 'None']
20150304T202919,Configuration parameters read
20150304T202933,==== Initializing Parameters ====
20150304T202933,Reading in config file ....
20150304T202933,['elevation', '1198']
20150304T202933,['lastGuiderRot', 'None']
20150304T202933,['lon', '-120.7278']
20150304T202933,['lastRA', 'None']
20150304T202933,['lat', '46.9528']
20150304T202933,['lastFocusPos', '1500']
20150304T202933,['lastDEC', 'None']
20150304T202933,Configuration parameters read
20150304T203019,==== Initializing Parameters ====
20150304T203019,Reading in config file ....
20150304T203019,['elevation', '1198']
20150304T203019,['lastGuiderRot', 'None']
20150304T203019,['lon', '-120.7278']
20150304T203019,['lastRA', 'None']
20150304T203019,['lat', '46.9528']
20150304T203019,['lastFocusPos', '1500']
20150304T203019,['lastDEC', 'None']
20150304T203019,Configuration parameters read
20150304T203045,==== Initializing Parameters ====
20150304T203045,Reading in config file ....
20150304T203045,['elevation', '1198']
20150304T203045,['lastGuiderRot', 'None']
20150304T203045,['lon', '-120.7278']
20150304T203045,['lastRA', 'None']
20150304T203045,['lat', '46.9528']
20150304T203045,['lastFocusPos', '1500']
20150304T203045,['lastDEC', 'None']
20150304T203045,Configuration parameters read
20150304T203113,==== Initializing Parameters ====
20150304T203113,Reading in config file ....
20150304T203113,['elevation', '1198']
20150304T203113,['lastGuiderRot', 'None']
20150304T203113,['lon', '-120.7278']
20150304T203113,['lastRA', 'None']
20150304T203113,['lat', '46.9528']
20150304T203113,['lastFocusPos', '1500']
20150304T203113,['lastDEC', 'None']
20150304T203113,Configuration parameters read
20150304T203129,==== Initializing Parameters ====
20150304T203129,Reading in config file ....
20150304T203129,['elevation', '1198']
20150304T203129,['lastGuiderRot', 'None']
20150304T203129,['lon', '-120.7278']
20150304T203129,['lastRA', 'None']
20150304T203129,['lat', '46.9528']
20150304T203129,['lastFocusPos', '1500']
20150304T203129,['lastDEC', 'None']
20150304T203129,Configuration parameters read
