20180412T113813,==== Initializing Parameters ====
20180412T113813,Reading in config file ....
20180412T113813,['elevation', '1198']
20180412T113813,['lastGuiderRot', 'None']
20180412T113813,['lastRA', 'None']
20180412T113813,['decWrap', '{-270,270}']
20180412T113813,['horizonLimit', '20']
20180412T113813,['lat', '46.9528']
20180412T113813,['lastFocusPos', '1500']
20180412T113813,['RAtrackingRate', '15.04108']
20180412T113813,['lon', '-120.7278']
20180412T113813,['maxdRA', '2']
20180412T113813,['maxdDEC', '2']
20180412T113813,['lastDEC', 'None']
20180412T113813,Configuration parameters read
20180412T114348,==== Initializing Parameters ====
20180412T114348,Reading in config file ....
20180412T114348,['elevation', '1198']
20180412T114348,['lastGuiderRot', 'None']
20180412T114348,['lastRA', 'None']
20180412T114348,['decWrap', '{-270,270}']
20180412T114348,['horizonLimit', '20']
20180412T114348,['lat', '46.9528']
20180412T114348,['lastFocusPos', '1500']
20180412T114348,['RAtrackingRate', '15.04108']
20180412T114348,['lon', '-120.7278']
20180412T114348,['maxdRA', '2']
20180412T114348,['maxdDEC', '2']
20180412T114348,['lastDEC', 'None']
20180412T114348,Configuration parameters read
20180412T114630,Failed to connect to telescope. Restart the application.
20180412T114630,tracking: False | initState: True | connectState: False | guiding: False | slewing: False | pointState: False | Dec: Unknown | guider_rot: False | precession: True | RA: Unknown | 
20180412T115504,==== Initializing Parameters ====
20180412T115504,Reading in config file ....
20180412T115504,['elevation', '1198']
20180412T115504,['lastGuiderRot', 'None']
20180412T115504,['lastRA', 'None']
20180412T115504,['decWrap', '{-270,270}']
20180412T115504,['horizonLimit', '20']
20180412T115504,['lat', '46.9528']
20180412T115504,['lastFocusPos', '1500']
20180412T115504,['RAtrackingRate', '15.04108']
20180412T115504,['lon', '-120.7278']
20180412T115504,['maxdRA', '2']
20180412T115504,['maxdDEC', '2']
20180412T115504,['lastDEC', 'None']
20180412T115504,Configuration parameters read
20180412T115511,Failed to connect to telescope. Restart the application.
20180412T115511,tracking: False | initState: True | connectState: False | guiding: False | slewing: False | pointState: False | Dec: Unknown | guider_rot: False | precession: True | RA: Unknown | 
20180412T120134,==== Initializing Parameters ====
20180412T120134,Reading in config file ....
20180412T120134,['elevation', '1198']
20180412T120134,['lastGuiderRot', 'None']
20180412T120134,['lastRA', 'None']
20180412T120134,['decWrap', '{-270,270}']
20180412T120134,['horizonLimit', '20']
20180412T120134,['lat', '46.9528']
20180412T120134,['lastFocusPos', '1500']
20180412T120134,['RAtrackingRate', '15.04108']
20180412T120134,['lon', '-120.7278']
20180412T120134,['maxdRA', '2']
20180412T120134,['maxdDEC', '2']
20180412T120134,['lastDEC', 'None']
20180412T120134,Configuration parameters read
20180412T120724,==== Initializing Parameters ====
20180412T120724,Reading in config file ....
20180412T120724,['elevation', '1198']
20180412T120724,['lastGuiderRot', 'None']
20180412T120724,['lastRA', 'None']
20180412T120724,['decWrap', '{-270,270}']
20180412T120724,['horizonLimit', '20']
20180412T120724,['lat', '46.9528']
20180412T120724,['lastFocusPos', '1500']
20180412T120724,['RAtrackingRate', '15.04108']
20180412T120724,['lon', '-120.7278']
20180412T120724,['maxdRA', '2']
20180412T120724,['maxdDEC', '2']
20180412T120724,['lastDEC', 'None']
20180412T120724,Configuration parameters read
20180412T120734,Failed to connect to telescope. Restart the application.
20180412T120734,tracking: False | initState: True | connectState: False | guiding: False | slewing: False | pointState: False | Dec: Unknown | guider_rot: False | precession: True | RA: Unknown | 
20180412T121530,==== Initializing Parameters ====
20180412T121530,Reading in config file ....
20180412T121530,['elevation', '1198']
20180412T121530,['lastGuiderRot', 'None']
20180412T121530,['lastRA', 'None']
20180412T121530,['decWrap', '{-270,270}']
20180412T121530,['horizonLimit', '20']
20180412T121530,['lat', '46.9528']
20180412T121530,['lastFocusPos', '1500']
20180412T121530,['RAtrackingRate', '15.04108']
20180412T121530,['lon', '-120.7278']
20180412T121530,['maxdRA', '2']
20180412T121530,['maxdDEC', '2']
20180412T121530,['lastDEC', 'None']
20180412T121530,Configuration parameters read
20180412T121645,==== Initializing Parameters ====
20180412T121645,Reading in config file ....
20180412T121645,['elevation', '1198']
20180412T121645,['lastGuiderRot', 'None']
20180412T121645,['lastRA', 'None']
20180412T121645,['decWrap', '{-270,270}']
20180412T121645,['horizonLimit', '20']
20180412T121645,['lat', '46.9528']
20180412T121645,['lastFocusPos', '1500']
20180412T121645,['RAtrackingRate', '15.04108']
20180412T121645,['lon', '-120.7278']
20180412T121645,['maxdRA', '2']
20180412T121645,['maxdDEC', '2']
20180412T121645,['lastDEC', 'None']
20180412T121645,Configuration parameters read
