20180411T200803,==== Initializing Parameters ====
20180411T200803,Reading in config file ....
20180411T200803,['elevation', '1198']
20180411T200803,['lastGuiderRot', 'None']
20180411T200803,['lastRA', 'None']
20180411T200803,['decWrap', '{-270,270}']
20180411T200803,['horizonLimit', '20']
20180411T200803,['lat', '46.9528']
20180411T200803,['lastFocusPos', '1500']
20180411T200803,['RAtrackingRate', '15.04108']
20180411T200803,['lon', '-120.7278']
20180411T200803,['maxdRA', '2']
20180411T200803,['maxdDEC', '2']
20180411T200803,['lastDEC', 'None']
20180411T200803,Configuration parameters read
20180411T201023,==== Initializing Parameters ====
20180411T201023,Reading in config file ....
20180411T201023,['elevation', '1198']
20180411T201023,['lastGuiderRot', 'None']
20180411T201023,['lastRA', 'None']
20180411T201023,['decWrap', '{-270,270}']
20180411T201023,['horizonLimit', '20']
20180411T201023,['lat', '46.9528']
20180411T201023,['lastFocusPos', '1500']
20180411T201023,['RAtrackingRate', '15.04108']
20180411T201023,['lon', '-120.7278']
20180411T201023,['maxdRA', '2']
20180411T201023,['maxdDEC', '2']
20180411T201023,['lastDEC', 'None']
20180411T201023,Configuration parameters read
20180411T201120,Failed to connect to telescope. Restart the application.
20180411T201120,tracking: False | initState: True | connectState: False | guiding: False | slewing: False | pointState: False | Dec: Unknown | guider_rot: False | precession: True | RA: Unknown | 
20180411T201154,WARNING: Emergency Stop Button pressed. A full restart of the TCC is required.
20180411T201301,==== Initializing Parameters ====
20180411T201301,Reading in config file ....
20180411T201301,['elevation', '1198']
20180411T201301,['lastGuiderRot', 'None']
20180411T201301,['lastRA', 'None']
20180411T201301,['decWrap', '{-270,270}']
20180411T201301,['horizonLimit', '20']
20180411T201301,['lat', '46.9528']
20180411T201301,['lastFocusPos', '1500']
20180411T201301,['RAtrackingRate', '15.04108']
20180411T201301,['lon', '-120.7278']
20180411T201301,['maxdRA', '2']
20180411T201301,['maxdDEC', '2']
20180411T201301,['lastDEC', 'None']
20180411T201301,Configuration parameters read
20180411T201735,==== Initializing Parameters ====
20180411T201735,Reading in config file ....
20180411T201735,['elevation', '1198']
20180411T201735,['lastGuiderRot', 'None']
20180411T201735,['lastRA', 'None']
20180411T201735,['decWrap', '{-270,270}']
20180411T201735,['horizonLimit', '20']
20180411T201735,['lat', '46.9528']
20180411T201735,['lastFocusPos', '1500']
20180411T201735,['RAtrackingRate', '15.04108']
20180411T201735,['lon', '-120.7278']
20180411T201735,['maxdRA', '2']
20180411T201735,['maxdDEC', '2']
20180411T201735,['lastDEC', 'None']
20180411T201735,Configuration parameters read
20180411T203927,==== Initializing Parameters ====
20180411T203927,Reading in config file ....
20180411T203927,['elevation', '1198']
20180411T203927,['lastGuiderRot', 'None']
20180411T203927,['lastRA', 'None']
20180411T203927,['decWrap', '{-270,270}']
20180411T203927,['horizonLimit', '20']
20180411T203927,['lat', '46.9528']
20180411T203927,['lastFocusPos', '1500']
20180411T203927,['RAtrackingRate', '15.04108']
20180411T203927,['lon', '-120.7278']
20180411T203927,['maxdRA', '2']
20180411T203927,['maxdDEC', '2']
20180411T203927,['lastDEC', 'None']
20180411T203927,Configuration parameters read
20180411T203946,Failed to connect to telescope. Restart the application.
20180411T203946,tracking: False | initState: True | connectState: False | guiding: False | slewing: False | pointState: False | Dec: Unknown | guider_rot: False | precession: True | RA: Unknown | 
20180411T204933,==== Initializing Parameters ====
20180411T204933,Reading in config file ....
20180411T204933,['elevation', '1198']
20180411T204933,['lastGuiderRot', 'None']
20180411T204933,['lastRA', 'None']
20180411T204933,['decWrap', '{-270,270}']
20180411T204933,['horizonLimit', '20']
20180411T204933,['lat', '46.9528']
20180411T204933,['lastFocusPos', '1500']
20180411T204933,['RAtrackingRate', '15.04108']
20180411T204933,['lon', '-120.7278']
20180411T204933,['maxdRA', '2']
20180411T204933,['maxdDEC', '2']
20180411T204933,['lastDEC', 'None']
20180411T204933,Configuration parameters read
20180411T204939,Failed to connect to telescope. Restart the application.
20180411T204939,tracking: False | initState: True | connectState: False | guiding: False | slewing: False | pointState: False | Dec: Unknown | guider_rot: False | precession: True | RA: Unknown | 
20180411T205014,==== Initializing Parameters ====
20180411T205014,Reading in config file ....
20180411T205014,['elevation', '1198']
20180411T205014,['lastGuiderRot', 'None']
20180411T205014,['lastRA', 'None']
20180411T205014,['decWrap', '{-270,270}']
20180411T205014,['horizonLimit', '20']
20180411T205014,['lat', '46.9528']
20180411T205014,['lastFocusPos', '1500']
20180411T205014,['RAtrackingRate', '15.04108']
20180411T205014,['lon', '-120.7278']
20180411T205014,['maxdRA', '2']
20180411T205014,['maxdDEC', '2']
20180411T205014,['lastDEC', 'None']
20180411T205014,Configuration parameters read
20180411T205019,Failed to connect to telescope. Restart the application.
20180411T205019,tracking: False | initState: True | connectState: False | guiding: False | slewing: False | pointState: False | Dec: Unknown | guider_rot: False | precession: True | RA: Unknown | 
20180411T205851,==== Initializing Parameters ====
20180411T205851,Reading in config file ....
20180411T205851,['elevation', '1198']
20180411T205851,['lastGuiderRot', 'None']
20180411T205851,['lastRA', 'None']
20180411T205851,['decWrap', '{-270,270}']
20180411T205851,['horizonLimit', '20']
20180411T205851,['lat', '46.9528']
20180411T205851,['lastFocusPos', '1500']
20180411T205851,['RAtrackingRate', '15.04108']
20180411T205851,['lon', '-120.7278']
20180411T205851,['maxdRA', '2']
20180411T205851,['maxdDEC', '2']
20180411T205851,['lastDEC', 'None']
20180411T205851,Configuration parameters read
20180411T205858,Failed to connect to telescope. Restart the application.
20180411T205858,tracking: False | initState: True | connectState: False | guiding: False | slewing: False | pointState: False | Dec: Unknown | guider_rot: False | precession: True | RA: Unknown | 
20180411T210033,==== Initializing Parameters ====
20180411T210033,Reading in config file ....
20180411T210033,['elevation', '1198']
20180411T210033,['lastGuiderRot', 'None']
20180411T210033,['lastRA', 'None']
20180411T210033,['decWrap', '{-270,270}']
20180411T210033,['horizonLimit', '20']
20180411T210033,['lat', '46.9528']
20180411T210033,['lastFocusPos', '1500']
20180411T210033,['RAtrackingRate', '15.04108']
20180411T210033,['lon', '-120.7278']
20180411T210033,['maxdRA', '2']
20180411T210033,['maxdDEC', '2']
20180411T210033,['lastDEC', 'None']
20180411T210033,Configuration parameters read
20180411T210039,Failed to connect to telescope. Restart the application.
20180411T210039,tracking: False | initState: True | connectState: False | guiding: False | slewing: False | pointState: False | Dec: Unknown | guider_rot: False | precession: True | RA: Unknown | 
20180411T213012,==== Initializing Parameters ====
20180411T213012,Reading in config file ....
20180411T213012,['elevation', '1198']
20180411T213012,['lastGuiderRot', 'None']
20180411T213012,['lastRA', 'None']
20180411T213012,['decWrap', '{-270,270}']
20180411T213012,['horizonLimit', '20']
20180411T213012,['lat', '46.9528']
20180411T213012,['lastFocusPos', '1500']
20180411T213012,['RAtrackingRate', '15.04108']
20180411T213012,['lon', '-120.7278']
20180411T213012,['maxdRA', '2']
20180411T213012,['maxdDEC', '2']
20180411T213012,['lastDEC', 'None']
20180411T213012,Configuration parameters read
20180411T213022,Failed to connect to telescope. Restart the application.
20180411T213022,tracking: False | initState: True | connectState: False | guiding: False | slewing: False | pointState: False | Dec: Unknown | guider_rot: False | precession: True | RA: Unknown | 
20180411T213124,==== Initializing Parameters ====
20180411T213124,Reading in config file ....
20180411T213124,['elevation', '1198']
20180411T213124,['lastGuiderRot', 'None']
20180411T213124,['lastRA', 'None']
20180411T213124,['decWrap', '{-270,270}']
20180411T213124,['horizonLimit', '20']
20180411T213124,['lat', '46.9528']
20180411T213124,['lastFocusPos', '1500']
20180411T213124,['RAtrackingRate', '15.04108']
20180411T213124,['lon', '-120.7278']
20180411T213124,['maxdRA', '2']
20180411T213124,['maxdDEC', '2']
20180411T213124,['lastDEC', 'None']
20180411T213124,Configuration parameters read
20180411T213129,Failed to connect to telescope. Restart the application.
20180411T213129,tracking: False | initState: True | connectState: False | guiding: False | slewing: False | pointState: False | Dec: Unknown | guider_rot: False | precession: True | RA: Unknown | 
20180411T213836,==== Initializing Parameters ====
20180411T213836,Reading in config file ....
20180411T213836,['elevation', '1198']
20180411T213836,['lastGuiderRot', 'None']
20180411T213836,['lastRA', 'None']
20180411T213836,['decWrap', '{-270,270}']
20180411T213836,['horizonLimit', '20']
20180411T213836,['lat', '46.9528']
20180411T213836,['lastFocusPos', '1500']
20180411T213836,['RAtrackingRate', '15.04108']
20180411T213836,['lon', '-120.7278']
20180411T213836,['maxdRA', '2']
20180411T213836,['maxdDEC', '2']
20180411T213836,['lastDEC', 'None']
20180411T213836,Configuration parameters read
20180411T214236,==== Initializing Parameters ====
20180411T214236,Reading in config file ....
20180411T214236,['elevation', '1198']
20180411T214236,['lastGuiderRot', 'None']
20180411T214236,['lastRA', 'None']
20180411T214236,['decWrap', '{-270,270}']
20180411T214236,['horizonLimit', '20']
20180411T214236,['lat', '46.9528']
20180411T214236,['lastFocusPos', '1500']
20180411T214236,['RAtrackingRate', '15.04108']
20180411T214236,['lon', '-120.7278']
20180411T214236,['maxdRA', '2']
20180411T214236,['maxdDEC', '2']
20180411T214236,['lastDEC', 'None']
20180411T214236,Configuration parameters read
20180411T214248,Failed to connect to telescope. Restart the application.
20180411T214248,tracking: False | initState: True | connectState: False | guiding: False | slewing: False | pointState: False | Dec: Unknown | guider_rot: False | precession: True | RA: Unknown | 
